This is XeTeX, Version 3.141592653-2.6-0.999993 (TeX Live 2021/Arch Linux) (preloaded format=xelatex 2021.5.27)  9 SEP 2021 17:49
entering extended mode
 restricted \write18 enabled.
 file:line:error style messages enabled.
 %&-line parsing enabled.
**main.tex
(./main.tex
LaTeX2e <2020-10-01> patch level 4
L3 programming layer <2021-02-18> (/usr/share/texmf-dist/tex/latex/koma-script/scrreprt.cls
Document Class: scrreprt 2021/03/17 v3.33 KOMA-Script document class (report)
(/usr/share/texmf-dist/tex/latex/koma-script/scrkbase.sty
Package: scrkbase 2021/03/17 v3.33 KOMA-Script package (KOMA-Script-dependent basics and keyval usage)
 (/usr/share/texmf-dist/tex/latex/koma-script/scrbase.sty
Package: scrbase 2021/03/17 v3.33 KOMA-Script package (KOMA-Script-independent basics and keyval usage)
 (/usr/share/texmf-dist/tex/latex/koma-script/scrlfile.sty
Package: scrlfile 2021/03/17 v3.33 KOMA-Script package (file load hooks)
 (/usr/share/texmf-dist/tex/latex/koma-script/scrlfile-hook.sty
Package: scrlfile-hook 2021/03/17 v3.33 KOMA-Script package (using LaTeX hooks)

LaTeX3 Info: Defining command \BeforeFile with sig. 'm' on line 61.


LaTeX3 Info: Defining command \AfterFile with sig. 'm' on line 65.


LaTeX3 Info: Defining command \BeforeClass with sig. 'm' on line 69.


LaTeX3 Info: Defining command \BeforePackage with sig. 'm' on line 73.


LaTeX3 Info: Defining command \AfterAtEndOfClass with sig. 'smo+m' on line 83.


LaTeX3 Info: Defining command \AfterAtEndOfPackage with sig. 'smo+m' on line
(LaTeX3)     93.


LaTeX3 Info: Defining command \scrlfile@AfterClass with sig. 'smo+m' on line
(LaTeX3)     173.


LaTeX3 Info: Defining command \AfterClass with sig. '' on line 174.


LaTeX3 Info: Defining command \scrlfile@AfterPackage with sig. 'smo+m' on line
(LaTeX3)     191.


LaTeX3 Info: Defining command \AfterPackage with sig. '' on line 192.


LaTeX3 Info: Defining command \ReplaceInput with sig. '' on line 193.


LaTeX3 Info: Defining command \ReplaceClass with sig. 'mm' on line 196.


LaTeX3 Info: Defining command \ReplacePackage with sig. 'mm' on line 199.


LaTeX3 Info: Defining command \UnReplaceInput with sig. '' on line 200.


LaTeX3 Info: Defining command \UnReplaceClass with sig. 'm' on line 203.


LaTeX3 Info: Defining command \UnReplacePackage with sig. 'mm' on line 206.


LaTeX3 Info: Defining command \PreventPackageFromLoading with sig. 's+om' on
(LaTeX3)     line 234.


LaTeX3 Info: Defining command \StorePreventPackageFromLoading with sig. 'm' on
(LaTeX3)     line 242.


LaTeX3 Info: Defining command \ResetPreventPackageFromLoading with sig. '' on
(LaTeX3)     line 247.


LaTeX3 Info: Defining command \UnPreventPackageFromLoading with sig. 'sm' on
(LaTeX3)     line 261.


LaTeX3 Info: Defining command \BeforeClosingMainAux with sig. 'om' on line
(LaTeX3)     274.


LaTeX3 Info: Defining command \AfterReadingMainAux with sig. 'om' on line 287.


LaTeX3 Info: Defining command \protected@immediate@write with sig. 'm+m+m' on
(LaTeX3)     line 298.

 (/usr/share/texmf-dist/tex/latex/koma-script/scrlogo.sty
Package: scrlogo 2021/03/17 v3.33 KOMA-Script package (logo)
))) (/usr/share/texmf-dist/tex/latex/graphics/keyval.sty
Package: keyval 2014/10/28 v1.15 key=value parser (DPC)
\KV@toks@=\toks15
)
Skipping: [2021/05/01] Usage of raw option list on input line 252.
Applying: [0000/00/00] compatibility for LaTeX before 2021/05/01 on input line 337.
)) (/usr/share/texmf-dist/tex/latex/koma-script/tocbasic.sty
Package: tocbasic 2021/03/17 v3.33 KOMA-Script package (handling toc-files)
\scr@dte@tocline@numberwidth=\skip47
\scr@dte@tocline@numbox=\box47
)
Package tocbasic Info: babel extension for `toc' omitted
(tocbasic)             because of missing \bbl@set@language on input line 137.
Class scrreprt Info: File `scrsize11pt.clo' used instead of
(scrreprt)           file `scrsize11.clo' to setup font sizes on input line 2451.
 (/usr/share/texmf-dist/tex/latex/koma-script/scrsize11pt.clo
File: scrsize11pt.clo 2021/03/17 v3.33 KOMA-Script font size class option (11pt)
) (/usr/share/texmf-dist/tex/latex/koma-script/typearea.sty
Package: typearea 2021/03/17 v3.33 KOMA-Script package (type area)
\ta@bcor=\skip48
\ta@div=\count175
Package typearea Info: You've used standard option `a4paper'.
(typearea)             This is correct!
(typearea)             Internally I'm using `paper=a4'.
(typearea)             If you'd like to set the option with \KOMAoptions,
(typearea)             you'd have to use `paper=a4' there
(typearea)             instead of `a4paper', too.
\ta@hblk=\skip49
\ta@vblk=\skip50
\ta@temp=\skip51
\footheight=\skip52
Package typearea Info: These are the values describing the layout:
(typearea)             DIV  = 10
(typearea)             BCOR = 0.0pt
(typearea)             \paperwidth      = 597.50793pt
(typearea)              \textwidth      = 418.25555pt
(typearea)              DIV departure   = -6%
(typearea)              \evensidemargin = 17.3562pt
(typearea)              \oddsidemargin  = 17.3562pt
(typearea)             \paperheight     = 845.04694pt
(typearea)              \textheight     = 595.80026pt
(typearea)              \topmargin      = -25.16531pt
(typearea)              \headheight     = 17.0pt
(typearea)              \headsep        = 20.40001pt
(typearea)              \topskip        = 11.0pt
(typearea)              \footskip       = 47.6pt
(typearea)              \baselineskip   = 13.6pt
(typearea)              on input line 1741.
)
\c@part=\count176
\c@chapter=\count177
\c@section=\count178
\c@subsection=\count179
\c@subsubsection=\count180
\c@paragraph=\count181
\c@subparagraph=\count182
\scr@dte@chapter@maxnumwidth=\skip53
Class scrreprt Info: using compatibility default `afterindent=bysign'
(scrreprt)           for `\chapter on input line 5678.
\scr@dte@section@maxnumwidth=\skip54
Class scrreprt Info: using compatibility default `runin=bysign'
(scrreprt)           for `\section on input line 5689.
Class scrreprt Info: using compatibility default `afterindent=bysign'
(scrreprt)           for `\section on input line 5689.
\scr@dte@part@maxnumwidth=\skip55
Class scrreprt Info: using compatibility default `afterindent=true'
(scrreprt)           for `\part on input line 5698.
\scr@dte@subsection@maxnumwidth=\skip56
Class scrreprt Info: using compatibility default `runin=bysign'
(scrreprt)           for `\subsection on input line 5708.
Class scrreprt Info: using compatibility default `afterindent=bysign'
(scrreprt)           for `\subsection on input line 5708.
\scr@dte@subsubsection@maxnumwidth=\skip57
Class scrreprt Info: using compatibility default `runin=bysign'
(scrreprt)           for `\subsubsection on input line 5718.
Class scrreprt Info: using compatibility default `afterindent=bysign'
(scrreprt)           for `\subsubsection on input line 5718.
\scr@dte@paragraph@maxnumwidth=\skip58
Class scrreprt Info: using compatibility default `runin=bysign'
(scrreprt)           for `\paragraph on input line 5729.
Class scrreprt Info: using compatibility default `afterindent=bysign'
(scrreprt)           for `\paragraph on input line 5729.
\scr@dte@subparagraph@maxnumwidth=\skip59
Class scrreprt Info: using compatibility default `runin=bysign'
(scrreprt)           for `\subparagraph on input line 5739.
Class scrreprt Info: using compatibility default `afterindent=bysign'
(scrreprt)           for `\subparagraph on input line 5739.
\abovecaptionskip=\skip60
\belowcaptionskip=\skip61
\c@pti@nb@sid@b@x=\box48
Package tocbasic Info: babel extension for `lof' omitted
(tocbasic)             because of missing \bbl@set@language on input line 6976.
\scr@dte@figure@maxnumwidth=\skip62
\c@figure=\count183
Package tocbasic Info: babel extension for `lot' omitted
(tocbasic)             because of missing \bbl@set@language on input line 6993.
\scr@dte@table@maxnumwidth=\skip63
\c@table=\count184
Class scrreprt Info: Redefining `\numberline' on input line 7162.
\bibindent=\dimen138
) (/usr/share/texmf-dist/tex/latex/psnfss/pifont.sty
Package: pifont 2020/03/25 PSNFSS-v9.3 Pi font support (SPQR) 
LaTeX Font Info:    Trying to load font information for U+pzd on input line 63.
 (/usr/share/texmf-dist/tex/latex/psnfss/upzd.fd
File: upzd.fd 2001/06/04 font definitions for U/pzd.
)
LaTeX Font Info:    Trying to load font information for U+psy on input line 64.
 (/usr/share/texmf-dist/tex/latex/psnfss/upsy.fd
File: upsy.fd 2001/06/04 font definitions for U/psy.
)) (/usr/share/texmf-dist/tex/xelatex/ucharclasses/ucharclasses.sty
Package: ucharclasses 2021/02/16 v2.4.0 Unicode block character classes for XeLaTeX
 (/usr/share/texmf-dist/tex/generic/iftex/ifxetex.sty
Package: ifxetex 2019/10/25 v0.7 ifxetex legacy package. Use iftex instead.
 (/usr/share/texmf-dist/tex/generic/iftex/iftex.sty
Package: iftex 2020/03/06 v1.0d TeX engine tests
))
\AegeanNumbersClass=\XeTeXcharclass1
\AlphabeticPresentationFormsClass=\XeTeXcharclass2
\AncientGreekMusicalNotationClass=\XeTeXcharclass3
\AncientGreekNumbersClass=\XeTeXcharclass4
\AncientSymbolsClass=\XeTeXcharclass5
\ArabicClass=\XeTeXcharclass6
\ArabicPresentationFormsAClass=\XeTeXcharclass7
\ArabicPresentationFormsBClass=\XeTeXcharclass8
\ArabicSupplementClass=\XeTeXcharclass9
\ArmenianClass=\XeTeXcharclass10
\ArrowsClass=\XeTeXcharclass11
\BalineseClass=\XeTeXcharclass12
\BasicLatinClass=\XeTeXcharclass13
\BengaliClass=\XeTeXcharclass14
\BlockElementsClass=\XeTeXcharclass15
\BopomofoClass=\XeTeXcharclass16
\BopomofoExtendedClass=\XeTeXcharclass17
\BoxDrawingClass=\XeTeXcharclass18
\BraillePatternsClass=\XeTeXcharclass19
\BugineseClass=\XeTeXcharclass20
\BuhidClass=\XeTeXcharclass21
\ByzantineMusicalSymbolsClass=\XeTeXcharclass22
\ChamClass=\XeTeXcharclass23
\CherokeeClass=\XeTeXcharclass24
\CJKCompatibilityClass=\XeTeXcharclass25
\CJKCompatibilityFormsClass=\XeTeXcharclass26
\CJKCompatibilityIdeographsClass=\XeTeXcharclass27
\CJKCompatibilityIdeographsSupplementClass=\XeTeXcharclass28
\CJKRadicalsSupplementClass=\XeTeXcharclass29
\CJKStrokesClass=\XeTeXcharclass30
\CJKSymbolsAndPunctuationClass=\XeTeXcharclass31
\CJKUnifiedIdeographsClass=\XeTeXcharclass32
\CJKUnifiedIdeographsExtensionAClass=\XeTeXcharclass33
\CJKUnifiedIdeographsExtensionBClass=\XeTeXcharclass34
\CombiningDiacriticalMarksClass=\XeTeXcharclass35
\CombiningDiacriticalMarksForSymbolsClass=\XeTeXcharclass36
\CombiningDiacriticalMarksSupplementClass=\XeTeXcharclass37
\CombiningHalfMarksClass=\XeTeXcharclass38
\ControlPicturesClass=\XeTeXcharclass39
\CopticClass=\XeTeXcharclass40
\CountingRodNumeralsClass=\XeTeXcharclass41
\CuneiformClass=\XeTeXcharclass42
\CuneiformNumbersAndPunctuationClass=\XeTeXcharclass43
\CurrencySymbolsClass=\XeTeXcharclass44
\CypriotSyllabaryClass=\XeTeXcharclass45
\CyrillicClass=\XeTeXcharclass46
\CyrillicExtendedAClass=\XeTeXcharclass47
\CyrillicExtendedBClass=\XeTeXcharclass48
\CyrillicSupplementClass=\XeTeXcharclass49
\DeseretClass=\XeTeXcharclass50
\DevanagariDanDaClass=\XeTeXcharclass51
\DevanagariMarksClass=\XeTeXcharclass52
\DevanagariPostDanDaClass=\XeTeXcharclass53
\DevanagariPostMarksClass=\XeTeXcharclass54
\DevanagariPreMarksClass=\XeTeXcharclass55
\DingbatsClass=\XeTeXcharclass56
\DominoTilesClass=\XeTeXcharclass57
\EnclosedAlphanumericsClass=\XeTeXcharclass58
\EnclosedCJKLettersAndMonthsClass=\XeTeXcharclass59
\EthiopicClass=\XeTeXcharclass60
\EthiopicExtendedClass=\XeTeXcharclass61
\EthiopicSupplementClass=\XeTeXcharclass62
\GeneralPunctuationClass=\XeTeXcharclass63
\GeometricShapesClass=\XeTeXcharclass64
\GeorgianClass=\XeTeXcharclass65
\GeorgianSupplementClass=\XeTeXcharclass66
\GlagoliticClass=\XeTeXcharclass67
\GothicClass=\XeTeXcharclass68
\GreekAndCopticClass=\XeTeXcharclass69
\GreekExtendedClass=\XeTeXcharclass70
\GujaratiClass=\XeTeXcharclass71
\GurmukhiClass=\XeTeXcharclass72
\HalfwidthAndFullwidthFormsClass=\XeTeXcharclass73
\HangulCompatibilityJamoClass=\XeTeXcharclass74
\HangulJamoClass=\XeTeXcharclass75
\HangulSyllablesClass=\XeTeXcharclass76
\HanunooClass=\XeTeXcharclass77
\HebrewClass=\XeTeXcharclass78
\HiraganaClass=\XeTeXcharclass79
\IdeographicDescriptionCharactersClass=\XeTeXcharclass80
\IPAExtensionsClass=\XeTeXcharclass81
\KanbunClass=\XeTeXcharclass82
\KangxiRadicalsClass=\XeTeXcharclass83
\KannadaClass=\XeTeXcharclass84
\KatakanaClass=\XeTeXcharclass85
\KatakanaPhoneticExtensionsClass=\XeTeXcharclass86
\KayahLiClass=\XeTeXcharclass87
\KharoshthiClass=\XeTeXcharclass88
\KhmerClass=\XeTeXcharclass89
\KhmerSymbolsClass=\XeTeXcharclass90
\LaoClass=\XeTeXcharclass91
\LatinExtendedAdditionalClass=\XeTeXcharclass92
\LatinExtendedAClass=\XeTeXcharclass93
\LatinExtendedBClass=\XeTeXcharclass94
\LatinExtendedCClass=\XeTeXcharclass95
\LatinExtendedDClass=\XeTeXcharclass96
\LatinSupplementClass=\XeTeXcharclass97
\LepchaClass=\XeTeXcharclass98
\LetterlikeSymbolsClass=\XeTeXcharclass99
\LimbuClass=\XeTeXcharclass100
\LinearBIdeogramsClass=\XeTeXcharclass101
\LinearBSyllabaryClass=\XeTeXcharclass102
\LycianClass=\XeTeXcharclass103
\LydianClass=\XeTeXcharclass104
\MahjongTilesClass=\XeTeXcharclass105
\MalayalamClass=\XeTeXcharclass106
\MathematicalAlphanumericSymbolsClass=\XeTeXcharclass107
\MathematicalOperatorsClass=\XeTeXcharclass108
\MiscellaneousMathematicalSymbolsAClass=\XeTeXcharclass109
\MiscellaneousMathematicalSymbolsBClass=\XeTeXcharclass110
\MiscellaneousSymbolsClass=\XeTeXcharclass111
\MiscellaneousSymbolsAndArrowsClass=\XeTeXcharclass112
\MiscellaneousTechnicalClass=\XeTeXcharclass113
\ModifierToneLettersClass=\XeTeXcharclass114
\MongolianClass=\XeTeXcharclass115
\MusicalSymbolsClass=\XeTeXcharclass116
\MyanmarClass=\XeTeXcharclass117
\NewTaiLueClass=\XeTeXcharclass118
\NKoClass=\XeTeXcharclass119
\NumberFormsClass=\XeTeXcharclass120
\OghamClass=\XeTeXcharclass121
\OlChikiClass=\XeTeXcharclass122
\OldPersianClass=\XeTeXcharclass123
\OpticalCharacterRecognitionClass=\XeTeXcharclass124
\OriyaClass=\XeTeXcharclass125
\OsmanyaClass=\XeTeXcharclass126
\PhagsPaClass=\XeTeXcharclass127
\PhoenicianClass=\XeTeXcharclass128
\PhoneticExtensionsClass=\XeTeXcharclass129
\PhoneticExtensionsSupplementClass=\XeTeXcharclass130
\PrivateUseAreaClass=\XeTeXcharclass131
\RejangClass=\XeTeXcharclass132
\RunicClass=\XeTeXcharclass133
\SaurashtraClass=\XeTeXcharclass134
\ShavianClass=\XeTeXcharclass135
\SinhalaClass=\XeTeXcharclass136
\SmallFormVariantsClass=\XeTeXcharclass137
\SpacingModifierLettersClass=\XeTeXcharclass138
\SundaneseClass=\XeTeXcharclass139
\SuperscriptsAndSubscriptsClass=\XeTeXcharclass140
\SupplementalArrowsAClass=\XeTeXcharclass141
\SupplementalArrowsBClass=\XeTeXcharclass142
\SupplementalMathematicalOperatorsClass=\XeTeXcharclass143
\SupplementalPunctuationClass=\XeTeXcharclass144
\SylotiNagriClass=\XeTeXcharclass145
\SyriacClass=\XeTeXcharclass146
\TagalogClass=\XeTeXcharclass147
\TagbanwaClass=\XeTeXcharclass148
\TagsClass=\XeTeXcharclass149
\TaiLeClass=\XeTeXcharclass150
\TaiXuanJingSymbolsClass=\XeTeXcharclass151
\TamilClass=\XeTeXcharclass152
\TeluguClass=\XeTeXcharclass153
\ThaanaClass=\XeTeXcharclass154
\ThaiClass=\XeTeXcharclass155
\TibetanClass=\XeTeXcharclass156
\TifinaghClass=\XeTeXcharclass157
\UgariticClass=\XeTeXcharclass158
\UnifiedCanadianAboriginalSyllabicsClass=\XeTeXcharclass159
\VaiClass=\XeTeXcharclass160
\VerticalFormsClass=\XeTeXcharclass161
\YiRadicalsClass=\XeTeXcharclass162
\YiSyllablesClass=\XeTeXcharclass163
\YijingHexagramSymbolsClass=\XeTeXcharclass164
\AvestanClass=\XeTeXcharclass165
\BamumClass=\XeTeXcharclass166
\CJKUnifiedIdeographsExtensionCClass=\XeTeXcharclass167
\CommonIndicNumberFormsClass=\XeTeXcharclass168
\DevanagariExtendedClass=\XeTeXcharclass169
\EgyptianHieroglyphsClass=\XeTeXcharclass170
\EnclosedAlphanumericSupplementClass=\XeTeXcharclass171
\EnclosedIdeographicSupplementClass=\XeTeXcharclass172
\HangulJamoExtendedAClass=\XeTeXcharclass173
\HangulJamoExtendedBClass=\XeTeXcharclass174
\ImperialAramaicClass=\XeTeXcharclass175
\InscriptionalPahlaviClass=\XeTeXcharclass176
\InscriptionalParthianClass=\XeTeXcharclass177
\JavaneseClass=\XeTeXcharclass178
\KaithiClass=\XeTeXcharclass179
\LisuClass=\XeTeXcharclass180
\MeeteiMayekClass=\XeTeXcharclass181
\MyanmarExtendedAClass=\XeTeXcharclass182
\RumiNumeralSymbolsClass=\XeTeXcharclass183
\SamaritanClass=\XeTeXcharclass184
\TaiThamClass=\XeTeXcharclass185
\TaiVietClass=\XeTeXcharclass186
\UnifiedCanadianAboriginalSyllabicsExtendedClass=\XeTeXcharclass187
\VedicExtensionsClass=\XeTeXcharclass188
\AlchemicalSymbolsClass=\XeTeXcharclass189
\BamumSupplementClass=\XeTeXcharclass190
\BatakClass=\XeTeXcharclass191
\BrahmiClass=\XeTeXcharclass192
\CJKUnifiedIdeographsExtensionDClass=\XeTeXcharclass193
\EmoticonsClass=\XeTeXcharclass194
\EthiopicExtendedAClass=\XeTeXcharclass195
\KanaSupplementClass=\XeTeXcharclass196
\MandaicClass=\XeTeXcharclass197
\MiscellaneousSymbolsAndPictographsClass=\XeTeXcharclass198
\PlayingCardsClass=\XeTeXcharclass199
\TransportAndMapSymbolsClass=\XeTeXcharclass200
\ArabicExtendedAClass=\XeTeXcharclass201
\ArabicMathematicalAlphabeticSymbolsClass=\XeTeXcharclass202
\ChakmaClass=\XeTeXcharclass203
\MeeteiMayekExtensionsClass=\XeTeXcharclass204
\MeroiticCursiveClass=\XeTeXcharclass205
\MeroiticHieroglyphsClass=\XeTeXcharclass206
\MiaoClass=\XeTeXcharclass207
\SharadaClass=\XeTeXcharclass208
\SoraSompengClass=\XeTeXcharclass209
\SundaneseSupplementClass=\XeTeXcharclass210
\TakriClass=\XeTeXcharclass211
\BassaVahClass=\XeTeXcharclass212
\CaucasianAlbanianClass=\XeTeXcharclass213
\CombiningDiacriticalMarksExtendedClass=\XeTeXcharclass214
\CopticEpactNumbersClass=\XeTeXcharclass215
\ElbasanClass=\XeTeXcharclass216
\GeometricShapesExtendedClass=\XeTeXcharclass217
\GranthaClass=\XeTeXcharclass218
\KhojkiClass=\XeTeXcharclass219
\KhudawadiClass=\XeTeXcharclass220
\LatinExtendedEClass=\XeTeXcharclass221
\LinearAClass=\XeTeXcharclass222
\MahajaniClass=\XeTeXcharclass223
\ManichaeanClass=\XeTeXcharclass224
\MendeKikakuiClass=\XeTeXcharclass225
\ModiClass=\XeTeXcharclass226
\MroClass=\XeTeXcharclass227
\MyanmarExtendedBClass=\XeTeXcharclass228
\NabataeanClass=\XeTeXcharclass229
\OldPermicClass=\XeTeXcharclass230
\OrnamentalDingbatsClass=\XeTeXcharclass231
\PahawhHmongClass=\XeTeXcharclass232
\PalmyreneClass=\XeTeXcharclass233
\PauCinHauClass=\XeTeXcharclass234
\PsalterPahlaviClass=\XeTeXcharclass235
\SiddhamClass=\XeTeXcharclass236
\SinhalaArchaicNumbersClass=\XeTeXcharclass237
\SupplementalArrowsCClass=\XeTeXcharclass238
\TirhutaClass=\XeTeXcharclass239
\WarangCitiClass=\XeTeXcharclass240
\CherokeeSupplementClass=\XeTeXcharclass241
\CJKUnifiedIdeographsExtensionEClass=\XeTeXcharclass242
\OldHungarianClass=\XeTeXcharclass243
\SupplementalSymbolsAndPictographsClass=\XeTeXcharclass244
\CyrillicExtendedCClass=\XeTeXcharclass245
\GlagoliticSupplementClass=\XeTeXcharclass246
\IdeographicSymbolsAndPunctuationClass=\XeTeXcharclass247
\MongolianSupplementClass=\XeTeXcharclass248
\CJKUnifiedIdeographsExtensionFClass=\XeTeXcharclass249
\KanaExtendedAClass=\XeTeXcharclass250
\SyriacSupplementClass=\XeTeXcharclass251
\GeorgianExtendedClass=\XeTeXcharclass252
\SmallKanaExtensionClass=\XeTeXcharclass253
\SymbolsAndPictographsExtendedAClass=\XeTeXcharclass254
\CJKUnifiedIdeographsExtensionGClass=\XeTeXcharclass255
\CarianClass=\XeTeXcharclass256
\OldItalicClass=\XeTeXcharclass257
\PhaistosDiscClass=\XeTeXcharclass258
\SupplementaryPrivateUseAreaAClass=\XeTeXcharclass259
\SupplementaryPrivateUseAreaBClass=\XeTeXcharclass260
\OldSouthArabianClass=\XeTeXcharclass261
\OldTurkicClass=\XeTeXcharclass262
\DuployanClass=\XeTeXcharclass263
\OldNorthArabianClass=\XeTeXcharclass264
\ShorthandFormatControlsClass=\XeTeXcharclass265
\AhomClass=\XeTeXcharclass266
\AnatolianHieroglyphsClass=\XeTeXcharclass267
\EarlyDynasticCuneiformClass=\XeTeXcharclass268
\HatranClass=\XeTeXcharclass269
\MultaniClass=\XeTeXcharclass270
\SuttonSignWritingClass=\XeTeXcharclass271
\AdlamClass=\XeTeXcharclass272
\BhaiksukiClass=\XeTeXcharclass273
\MarchenClass=\XeTeXcharclass274
\NewaClass=\XeTeXcharclass275
\OsageClass=\XeTeXcharclass276
\TangutClass=\XeTeXcharclass277
\TangutComponentsClass=\XeTeXcharclass278
\MasaramGondiClass=\XeTeXcharclass279
\NushuClass=\XeTeXcharclass280
\SoyomboClass=\XeTeXcharclass281
\ZanabazarSquareClass=\XeTeXcharclass282
\ChessSymbolsClass=\XeTeXcharclass283
\DograClass=\XeTeXcharclass284
\GunjalaGondiClass=\XeTeXcharclass285
\HanifiRohingyaClass=\XeTeXcharclass286
\IndicSiyaqNumbersClass=\XeTeXcharclass287
\MakasarClass=\XeTeXcharclass288
\MayanNumeralsClass=\XeTeXcharclass289
\MedefaidrinClass=\XeTeXcharclass290
\OldSogdianClass=\XeTeXcharclass291
\SogdianClass=\XeTeXcharclass292
\EgyptianHieroglyphFormatControlsClass=\XeTeXcharclass293
\ElymaicClass=\XeTeXcharclass294
\NandinagariClass=\XeTeXcharclass295
\NyiakengPuachueHmongClass=\XeTeXcharclass296
\OttomanSiyaqNumbersClass=\XeTeXcharclass297
\TamilSupplementClass=\XeTeXcharclass298
\WanchoClass=\XeTeXcharclass299
\ChorasmianClass=\XeTeXcharclass300
\DivesAkuruClass=\XeTeXcharclass301
\KhitanSmallScriptClass=\XeTeXcharclass302
\LisuSupplementClass=\XeTeXcharclass303
\SymbolsForLegacyComputingClass=\XeTeXcharclass304
\TangutSupplementClass=\XeTeXcharclass305
\YezidiClass=\XeTeXcharclass306
) (/usr/share/texmf-dist/tex/latex/fontspec/fontspec.sty (/usr/share/texmf-dist/tex/latex/l3packages/xparse/xparse.sty (/usr/share/texmf-dist/tex/latex/l3kernel/expl3.sty
Package: expl3 2021-02-18 L3 programming layer (loader) 
 (/usr/share/texmf-dist/tex/latex/l3backend/l3backend-xetex.def
File: l3backend-xetex.def 2021-03-18 L3 backend support: XeTeX
 (|extractbb --version)
\c__kernel_sys_dvipdfmx_version_int=\count185
\l__color_backend_stack_int=\count186
\g__color_backend_stack_int=\count187
\g__graphics_track_int=\count188
\l__pdf_internal_box=\box49
\g__pdf_backend_object_int=\count189
\g__pdf_backend_annotation_int=\count190
\g__pdf_backend_link_int=\count191
)) (/usr/share/texmf-dist/tex/latex/l3packages/xparse/xparse-2020-10-01.sty (/usr/share/texmf-dist/tex/latex/l3packages/xparse/xparse-generic.tex)))
Package: fontspec 2020/02/21 v2.7i Font selection for XeLaTeX and LuaLaTeX
 (/usr/share/texmf-dist/tex/latex/fontspec/fontspec-xetex.sty
Package: fontspec-xetex 2020/02/21 v2.7i Font selection for XeLaTeX and LuaLaTeX
\l__fontspec_script_int=\count192
\l__fontspec_language_int=\count193
\l__fontspec_strnum_int=\count194
\l__fontspec_tmp_int=\count195
\l__fontspec_tmpa_int=\count196
\l__fontspec_tmpb_int=\count197
\l__fontspec_tmpc_int=\count198
\l__fontspec_em_int=\count199
\l__fontspec_emdef_int=\count266
\l__fontspec_strong_int=\count267
\l__fontspec_strongdef_int=\count268
\l__fontspec_tmpa_dim=\dimen139
\l__fontspec_tmpb_dim=\dimen140
\l__fontspec_tmpc_dim=\dimen141
 (/usr/share/texmf-dist/tex/latex/base/fontenc.sty
Package: fontenc 2020/08/10 v2.0s Standard LaTeX package
) (/usr/share/texmf-dist/tex/latex/fontspec/fontspec.cfg)))

Package fontspec Info: Font family 'NotoSerif(0)' created for font 'Noto
(fontspec)             Serif' with options
(fontspec)             [Ligatures=TeX,SmallCapsFont={GFSDidot-Regular},SmallCapsFeatures={Letters=SmallCaps}].
(fontspec)              
(fontspec)              This font family consists of the following NFSS
(fontspec)             series/shapes:
(fontspec)              
(fontspec)             - 'normal' (m/n) with NFSS spec.: <->"Noto
(fontspec)             Serif/OT:script=latn;language=dflt;mapping=tex-text;"
(fontspec)             - 'small caps'  (m/sc) with NFSS spec.:
(fontspec)             <->"GFSDidot-Regular/OT:script=latn;language=dflt;+smcp;mapping=tex-text;"
(fontspec)             - 'bold' (b/n) with NFSS spec.: <->"Noto
(fontspec)             Serif/B/OT:script=latn;language=dflt;mapping=tex-text;"
(fontspec)             - 'bold small caps'  (b/sc) with NFSS spec.:
(fontspec)             <->"GFSDidot-Regular/OT:script=latn;language=dflt;+smcp;mapping=tex-text;"
(fontspec)             - 'italic' (m/it) with NFSS spec.: <->"Noto
(fontspec)             Serif/I/OT:script=latn;language=dflt;mapping=tex-text;"
(fontspec)             - 'italic small caps'  (m/scit) with NFSS spec.:
(fontspec)             <->"GFSDidot-Regular/OT:script=latn;language=dflt;+smcp;mapping=tex-text;"
(fontspec)             - 'bold italic' (b/it) with NFSS spec.: <->"Noto
(fontspec)             Serif/BI/OT:script=latn;language=dflt;mapping=tex-text;"
(fontspec)             - 'bold italic small caps'  (b/scit) with NFSS spec.:
(fontspec)             <->"GFSDidot-Regular/OT:script=latn;language=dflt;+smcp;mapping=tex-text;"


Package fontspec Info: Font family 'NotoSans(0)' created for font 'Noto Sans'
(fontspec)             with options [Ligatures=TeX].
(fontspec)              
(fontspec)              This font family consists of the following NFSS
(fontspec)             series/shapes:
(fontspec)              
(fontspec)             - 'normal' (m/n) with NFSS spec.: <->"Noto
(fontspec)             Sans/OT:script=latn;language=dflt;mapping=tex-text;"
(fontspec)             - 'small caps'  (m/sc) with NFSS spec.: <->"Noto
(fontspec)             Sans/OT:script=latn;language=dflt;+smcp;mapping=tex-text;"
(fontspec)             - 'bold' (b/n) with NFSS spec.: <->"Noto
(fontspec)             Sans/B/OT:script=latn;language=dflt;mapping=tex-text;"
(fontspec)             - 'bold small caps'  (b/sc) with NFSS spec.: <->"Noto
(fontspec)             Sans/B/OT:script=latn;language=dflt;+smcp;mapping=tex-text;"
(fontspec)             - 'italic' (m/it) with NFSS spec.: <->"Noto
(fontspec)             Sans/I/OT:script=latn;language=dflt;mapping=tex-text;"
(fontspec)             - 'italic small caps'  (m/scit) with NFSS spec.:
(fontspec)             <->"Noto
(fontspec)             Sans/I/OT:script=latn;language=dflt;+smcp;mapping=tex-text;"
(fontspec)             - 'bold italic' (b/it) with NFSS spec.: <->"Noto
(fontspec)             Sans/BI/OT:script=latn;language=dflt;mapping=tex-text;"
(fontspec)             - 'bold italic small caps'  (b/scit) with NFSS spec.:
(fontspec)             <->"Noto
(fontspec)             Sans/BI/OT:script=latn;language=dflt;+smcp;mapping=tex-text;"


Package fontspec Info: Could not resolve font "Noto Sans Mono/I" (it probably
(fontspec)             doesn't exist).


Package fontspec Info: Font family 'NotoSansMono(0)' created for font 'Noto
(fontspec)             Sans Mono' with options
(fontspec)             [WordSpace={1,0,0},HyphenChar=None,PunctuationSpace=WordSpace].
(fontspec)              
(fontspec)              This font family consists of the following NFSS
(fontspec)             series/shapes:
(fontspec)              
(fontspec)             - 'normal' (m/n) with NFSS spec.: <->"Noto Sans
(fontspec)             Mono/OT:script=latn;language=dflt;"
(fontspec)             - 'small caps'  (m/sc) with NFSS spec.: <->"Noto Sans
(fontspec)             Mono/OT:script=latn;language=dflt;+smcp;"
(fontspec)             and font adjustment code:
(fontspec)             \fontdimen 2\font =1\fontdimen 2\font \fontdimen 3\font
(fontspec)             =0\fontdimen 3\font \fontdimen 4\font =0\fontdimen
(fontspec)             4\font \fontdimen 7\font =0\fontdimen 2\font
(fontspec)             \tex_hyphenchar:D \font =-1\scan_stop: 
(fontspec)             - 'bold' (b/n) with NFSS spec.: <->"Noto Sans
(fontspec)             Mono/B/OT:script=latn;language=dflt;"
(fontspec)             - 'bold small caps'  (b/sc) with NFSS spec.: <->"Noto
(fontspec)             Sans Mono/B/OT:script=latn;language=dflt;+smcp;"
(fontspec)             and font adjustment code:
(fontspec)             \fontdimen 2\font =1\fontdimen 2\font \fontdimen 3\font
(fontspec)             =0\fontdimen 3\font \fontdimen 4\font =0\fontdimen
(fontspec)             4\font \fontdimen 7\font =0\fontdimen 2\font
(fontspec)             \tex_hyphenchar:D \font =-1\scan_stop: 
(fontspec)             - 'bold italic' (b/it) with NFSS spec.: <->"Noto Sans
(fontspec)             Mono/BI/OT:script=latn;language=dflt;"
(fontspec)             - 'bold italic small caps'  (b/scit) with NFSS spec.:
(fontspec)             <->"Noto Sans
(fontspec)             Mono/BI/OT:script=latn;language=dflt;+smcp;"
(fontspec)             and font adjustment code:
(fontspec)             \fontdimen 2\font =1\fontdimen 2\font \fontdimen 3\font
(fontspec)             =0\fontdimen 3\font \fontdimen 4\font =0\fontdimen
(fontspec)             4\font \fontdimen 7\font =0\fontdimen 2\font
(fontspec)             \tex_hyphenchar:D \font =-1\scan_stop: 


Package fontspec Info: Font family 'NotoSerif(1)' created for font 'Noto
(fontspec)             Serif' with options [].
(fontspec)              
(fontspec)              This font family consists of the following NFSS
(fontspec)             series/shapes:
(fontspec)              
(fontspec)             - 'normal' (m/n) with NFSS spec.: <->"Noto
(fontspec)             Serif/OT:script=latn;language=dflt;"
(fontspec)             - 'small caps'  (m/sc) with NFSS spec.: <->"Noto
(fontspec)             Serif/OT:script=latn;language=dflt;+smcp;"
(fontspec)             - 'bold' (b/n) with NFSS spec.: <->"Noto
(fontspec)             Serif/B/OT:script=latn;language=dflt;"
(fontspec)             - 'bold small caps'  (b/sc) with NFSS spec.: <->"Noto
(fontspec)             Serif/B/OT:script=latn;language=dflt;+smcp;"
(fontspec)             - 'italic' (m/it) with NFSS spec.: <->"Noto
(fontspec)             Serif/I/OT:script=latn;language=dflt;"
(fontspec)             - 'italic small caps'  (m/scit) with NFSS spec.:
(fontspec)             <->"Noto Serif/I/OT:script=latn;language=dflt;+smcp;"
(fontspec)             - 'bold italic' (b/it) with NFSS spec.: <->"Noto
(fontspec)             Serif/BI/OT:script=latn;language=dflt;"
(fontspec)             - 'bold italic small caps'  (b/scit) with NFSS spec.:
(fontspec)             <->"Noto Serif/BI/OT:script=latn;language=dflt;+smcp;"


Package fontspec Info: Could not resolve font "Quivira/BI" (it probably
(fontspec)             doesn't exist).


Package fontspec Info: Could not resolve font "Quivira/B" (it probably doesn't
(fontspec)             exist).


Package fontspec Info: Could not resolve font "Quivira/I" (it probably doesn't
(fontspec)             exist).


Package fontspec Info: Font family 'Quivira(0)' created for font 'Quivira'
(fontspec)             with options [].
(fontspec)              
(fontspec)              This font family consists of the following NFSS
(fontspec)             series/shapes:
(fontspec)              
(fontspec)             - 'normal' (m/n) with NFSS spec.:
(fontspec)             <->"Quivira/OT:language=dflt;"
(fontspec)             - 'small caps'  (m/sc) with NFSS spec.: 


Package fontspec Info: Could not resolve font "Noto Serif Hebrew/I" (it
(fontspec)             probably doesn't exist).


Package fontspec Info: Font family 'NotoSerifHebrew(0)' created for font 'Noto
(fontspec)             Serif Hebrew' with options [Script=Hebrew].
(fontspec)              
(fontspec)              This font family consists of the following NFSS
(fontspec)             series/shapes:
(fontspec)              
(fontspec)             - 'normal' (m/n) with NFSS spec.: <->"Noto Serif
(fontspec)             Hebrew/OT:script=hebr;language=dflt;"
(fontspec)             - 'small caps'  (m/sc) with NFSS spec.: 
(fontspec)             - 'bold' (b/n) with NFSS spec.: <->"Noto Serif
(fontspec)             Hebrew/B/OT:script=hebr;language=dflt;"
(fontspec)             - 'bold small caps'  (b/sc) with NFSS spec.: 
(fontspec)             - 'bold italic' (b/it) with NFSS spec.: <->"Noto Serif
(fontspec)             Hebrew/BI/OT:script=hebr;language=dflt;"
(fontspec)             - 'bold italic small caps'  (b/scit) with NFSS spec.: 

 (/usr/share/texmf-dist/tex/latex/graphics/graphicx.sty
Package: graphicx 2020/09/09 v1.2b Enhanced LaTeX Graphics (DPC,SPQR)
 (/usr/share/texmf-dist/tex/latex/graphics/graphics.sty
Package: graphics 2020/08/30 v1.4c Standard LaTeX Graphics (DPC,SPQR)
 (/usr/share/texmf-dist/tex/latex/graphics/trig.sty
Package: trig 2016/01/03 v1.10 sin cos tan (DPC)
) (/usr/share/texmf-dist/tex/latex/graphics-cfg/graphics.cfg
File: graphics.cfg 2016/06/04 v1.11 sample graphics configuration
)
Package graphics Info: Driver file: xetex.def on input line 105.
 (/usr/share/texmf-dist/tex/latex/graphics-def/xetex.def
File: xetex.def 2021/03/18 v5.0k Graphics/color driver for xetex
))
\Gin@req@height=\dimen142
\Gin@req@width=\dimen143
) (/usr/share/texmf-dist/tex/latex/wrapfig/wrapfig.sty
\wrapoverhang=\dimen144
\WF@size=\dimen145
\c@WF@wrappedlines=\count269
\WF@box=\box50
\WF@everypar=\toks16
Package: wrapfig 2003/01/31  v 3.6
) (/usr/share/texmf-dist/tex/latex/chronology/chronology.sty
Package: chronology 2015/03/27 v1.1.1 Horizontal timeline
 (/usr/share/texmf-dist/tex/latex/tools/calc.sty
Package: calc 2017/05/25 v4.3 Infix arithmetic (KKT,FJ)
\calc@Acount=\count270
\calc@Bcount=\count271
\calc@Adimen=\dimen146
\calc@Bdimen=\dimen147
\calc@Askip=\skip64
\calc@Bskip=\skip65
LaTeX Info: Redefining \setlength on input line 80.
LaTeX Info: Redefining \addtolength on input line 81.
\calc@Ccount=\count272
\calc@Cskip=\skip66
) (/usr/share/texmf-dist/tex/latex/pgf/frontendlayer/tikz.sty (/usr/share/texmf-dist/tex/latex/pgf/basiclayer/pgf.sty
(/usr/share/texmf-dist/tex/latex/pgf/utilities/pgfrcs.sty (/usr/share/texmf-dist/tex/generic/pgf/utilities/pgfutil-common.tex
\pgfutil@everybye=\toks17
\pgfutil@tempdima=\dimen148
\pgfutil@tempdimb=\dimen149
 (/usr/share/texmf-dist/tex/generic/pgf/utilities/pgfutil-common-lists.tex)) (/usr/share/texmf-dist/tex/generic/pgf/utilities/pgfutil-latex.def
\pgfutil@abb=\box51
) (/usr/share/texmf-dist/tex/generic/pgf/utilities/pgfrcs.code.tex (/usr/share/texmf-dist/tex/generic/pgf/pgf.revision.tex)
Package: pgfrcs 2020/12/27 v3.1.8b (3.1.8b)
))
Package: pgf 2020/12/27 v3.1.8b (3.1.8b)
 (/usr/share/texmf-dist/tex/latex/pgf/basiclayer/pgfcore.sty (/usr/share/texmf-dist/tex/latex/pgf/systemlayer/pgfsys.sty (/usr/share/texmf-dist/tex/generic/pgf/systemlayer/pgfsys.code.tex
Package: pgfsys 2020/12/27 v3.1.8b (3.1.8b)
 (/usr/share/texmf-dist/tex/generic/pgf/utilities/pgfkeys.code.tex
\pgfkeys@pathtoks=\toks18
\pgfkeys@temptoks=\toks19
 (/usr/share/texmf-dist/tex/generic/pgf/utilities/pgfkeysfiltered.code.tex
\pgfkeys@tmptoks=\toks20
))
\pgf@x=\dimen150
\pgf@y=\dimen151
\pgf@xa=\dimen152
\pgf@ya=\dimen153
\pgf@xb=\dimen154
\pgf@yb=\dimen155
\pgf@xc=\dimen156
\pgf@yc=\dimen157
\pgf@xd=\dimen158
\pgf@yd=\dimen159
\w@pgf@writea=\write3
\r@pgf@reada=\read2
\c@pgf@counta=\count273
\c@pgf@countb=\count274
\c@pgf@countc=\count275
\c@pgf@countd=\count276
\t@pgf@toka=\toks21
\t@pgf@tokb=\toks22
\t@pgf@tokc=\toks23
\pgf@sys@id@count=\count277
 (/usr/share/texmf-dist/tex/generic/pgf/systemlayer/pgf.cfg
File: pgf.cfg 2020/12/27 v3.1.8b (3.1.8b)
)
Driver file for pgf: pgfsys-xetex.def
 (/usr/share/texmf-dist/tex/generic/pgf/systemlayer/pgfsys-xetex.def
File: pgfsys-xetex.def 2020/12/27 v3.1.8b (3.1.8b)
 (/usr/share/texmf-dist/tex/generic/pgf/systemlayer/pgfsys-dvipdfmx.def
File: pgfsys-dvipdfmx.def 2020/12/27 v3.1.8b (3.1.8b)
 (/usr/share/texmf-dist/tex/generic/pgf/systemlayer/pgfsys-common-pdf.def
File: pgfsys-common-pdf.def 2020/12/27 v3.1.8b (3.1.8b)
)
\pgfsys@objnum=\count278
))) (/usr/share/texmf-dist/tex/generic/pgf/systemlayer/pgfsyssoftpath.code.tex
File: pgfsyssoftpath.code.tex 2020/12/27 v3.1.8b (3.1.8b)
\pgfsyssoftpath@smallbuffer@items=\count279
\pgfsyssoftpath@bigbuffer@items=\count280
) (/usr/share/texmf-dist/tex/generic/pgf/systemlayer/pgfsysprotocol.code.tex
File: pgfsysprotocol.code.tex 2020/12/27 v3.1.8b (3.1.8b)
)) (/usr/share/texmf-dist/tex/latex/xcolor/xcolor.sty
Package: xcolor 2016/05/11 v2.12 LaTeX color extensions (UK)
 (/usr/share/texmf-dist/tex/latex/graphics-cfg/color.cfg
File: color.cfg 2016/01/02 v1.6 sample color configuration
)
Package xcolor Info: Driver file: xetex.def on input line 225.
Package xcolor Info: Model `cmy' substituted by `cmy0' on input line 1348.
Package xcolor Info: Model `RGB' extended on input line 1364.
Package xcolor Info: Model `HTML' substituted by `rgb' on input line 1366.
Package xcolor Info: Model `Hsb' substituted by `hsb' on input line 1367.
Package xcolor Info: Model `tHsb' substituted by `hsb' on input line 1368.
Package xcolor Info: Model `HSB' substituted by `hsb' on input line 1369.
Package xcolor Info: Model `Gray' substituted by `gray' on input line 1370.
Package xcolor Info: Model `wave' substituted by `hsb' on input line 1371.
) (/usr/share/texmf-dist/tex/generic/pgf/basiclayer/pgfcore.code.tex
Package: pgfcore 2020/12/27 v3.1.8b (3.1.8b)
 (/usr/share/texmf-dist/tex/generic/pgf/math/pgfmath.code.tex (/usr/share/texmf-dist/tex/generic/pgf/math/pgfmathcalc.code.tex (/usr/share/texmf-dist/tex/generic/pgf/math/pgfmathutil.code.tex) (/usr/share/texmf-dist/tex/generic/pgf/math/pgfmathparser.code.tex
\pgfmath@dimen=\dimen160
\pgfmath@count=\count281
\pgfmath@box=\box52
\pgfmath@toks=\toks24
\pgfmath@stack@operand=\toks25
\pgfmath@stack@operation=\toks26
) (/usr/share/texmf-dist/tex/generic/pgf/math/pgfmathfunctions.code.tex (/usr/share/texmf-dist/tex/generic/pgf/math/pgfmathfunctions.basic.code.tex) (/usr/share/texmf-dist/tex/generic/pgf/math/pgfmathfunctions.trigonometric.code.tex) (/usr/share/texmf-dist/tex/generic/pgf/math/pgfmathfunctions.random.code.tex) (/usr/share/texmf-dist/tex/generic/pgf/math/pgfmathfunctions.comparison.code.tex)
(/usr/share/texmf-dist/tex/generic/pgf/math/pgfmathfunctions.base.code.tex) (/usr/share/texmf-dist/tex/generic/pgf/math/pgfmathfunctions.round.code.tex) (/usr/share/texmf-dist/tex/generic/pgf/math/pgfmathfunctions.misc.code.tex) (/usr/share/texmf-dist/tex/generic/pgf/math/pgfmathfunctions.integerarithmetics.code.tex))) (/usr/share/texmf-dist/tex/generic/pgf/math/pgfmathfloat.code.tex
\c@pgfmathroundto@lastzeros=\count282
)) (/usr/share/texmf-dist/tex/generic/pgf/math/pgfint.code.tex) (/usr/share/texmf-dist/tex/generic/pgf/basiclayer/pgfcorepoints.code.tex
File: pgfcorepoints.code.tex 2020/12/27 v3.1.8b (3.1.8b)
\pgf@picminx=\dimen161
\pgf@picmaxx=\dimen162
\pgf@picminy=\dimen163
\pgf@picmaxy=\dimen164
\pgf@pathminx=\dimen165
\pgf@pathmaxx=\dimen166
\pgf@pathminy=\dimen167
\pgf@pathmaxy=\dimen168
\pgf@xx=\dimen169
\pgf@xy=\dimen170
\pgf@yx=\dimen171
\pgf@yy=\dimen172
\pgf@zx=\dimen173
\pgf@zy=\dimen174
) (/usr/share/texmf-dist/tex/generic/pgf/basiclayer/pgfcorepathconstruct.code.tex
File: pgfcorepathconstruct.code.tex 2020/12/27 v3.1.8b (3.1.8b)
\pgf@path@lastx=\dimen175
\pgf@path@lasty=\dimen176
) (/usr/share/texmf-dist/tex/generic/pgf/basiclayer/pgfcorepathusage.code.tex
File: pgfcorepathusage.code.tex 2020/12/27 v3.1.8b (3.1.8b)
\pgf@shorten@end@additional=\dimen177
\pgf@shorten@start@additional=\dimen178
) (/usr/share/texmf-dist/tex/generic/pgf/basiclayer/pgfcorescopes.code.tex
File: pgfcorescopes.code.tex 2020/12/27 v3.1.8b (3.1.8b)
\pgfpic=\box53
\pgf@hbox=\box54
\pgf@layerbox@main=\box55
\pgf@picture@serial@count=\count283
) (/usr/share/texmf-dist/tex/generic/pgf/basiclayer/pgfcoregraphicstate.code.tex
File: pgfcoregraphicstate.code.tex 2020/12/27 v3.1.8b (3.1.8b)
\pgflinewidth=\dimen179
) (/usr/share/texmf-dist/tex/generic/pgf/basiclayer/pgfcoretransformations.code.tex
File: pgfcoretransformations.code.tex 2020/12/27 v3.1.8b (3.1.8b)
\pgf@pt@x=\dimen180
\pgf@pt@y=\dimen181
\pgf@pt@temp=\dimen182
) (/usr/share/texmf-dist/tex/generic/pgf/basiclayer/pgfcorequick.code.tex
File: pgfcorequick.code.tex 2020/12/27 v3.1.8b (3.1.8b)
) (/usr/share/texmf-dist/tex/generic/pgf/basiclayer/pgfcoreobjects.code.tex
File: pgfcoreobjects.code.tex 2020/12/27 v3.1.8b (3.1.8b)
) (/usr/share/texmf-dist/tex/generic/pgf/basiclayer/pgfcorepathprocessing.code.tex
File: pgfcorepathprocessing.code.tex 2020/12/27 v3.1.8b (3.1.8b)
) (/usr/share/texmf-dist/tex/generic/pgf/basiclayer/pgfcorearrows.code.tex
File: pgfcorearrows.code.tex 2020/12/27 v3.1.8b (3.1.8b)
\pgfarrowsep=\dimen183
) (/usr/share/texmf-dist/tex/generic/pgf/basiclayer/pgfcoreshade.code.tex
File: pgfcoreshade.code.tex 2020/12/27 v3.1.8b (3.1.8b)
\pgf@max=\dimen184
\pgf@sys@shading@range@num=\count284
\pgf@shadingcount=\count285
) (/usr/share/texmf-dist/tex/generic/pgf/basiclayer/pgfcoreimage.code.tex
File: pgfcoreimage.code.tex 2020/12/27 v3.1.8b (3.1.8b)
 (/usr/share/texmf-dist/tex/generic/pgf/basiclayer/pgfcoreexternal.code.tex
File: pgfcoreexternal.code.tex 2020/12/27 v3.1.8b (3.1.8b)
\pgfexternal@startupbox=\box56
)) (/usr/share/texmf-dist/tex/generic/pgf/basiclayer/pgfcorelayers.code.tex
File: pgfcorelayers.code.tex 2020/12/27 v3.1.8b (3.1.8b)
) (/usr/share/texmf-dist/tex/generic/pgf/basiclayer/pgfcoretransparency.code.tex
File: pgfcoretransparency.code.tex 2020/12/27 v3.1.8b (3.1.8b)
) (/usr/share/texmf-dist/tex/generic/pgf/basiclayer/pgfcorepatterns.code.tex
File: pgfcorepatterns.code.tex 2020/12/27 v3.1.8b (3.1.8b)
) (/usr/share/texmf-dist/tex/generic/pgf/basiclayer/pgfcorerdf.code.tex
File: pgfcorerdf.code.tex 2020/12/27 v3.1.8b (3.1.8b)
))) (/usr/share/texmf-dist/tex/generic/pgf/modules/pgfmoduleshapes.code.tex
File: pgfmoduleshapes.code.tex 2020/12/27 v3.1.8b (3.1.8b)
\pgfnodeparttextbox=\box57
) (/usr/share/texmf-dist/tex/generic/pgf/modules/pgfmoduleplot.code.tex
File: pgfmoduleplot.code.tex 2020/12/27 v3.1.8b (3.1.8b)
) (/usr/share/texmf-dist/tex/latex/pgf/compatibility/pgfcomp-version-0-65.sty
Package: pgfcomp-version-0-65 2020/12/27 v3.1.8b (3.1.8b)
\pgf@nodesepstart=\dimen185
\pgf@nodesepend=\dimen186
)
(/usr/share/texmf-dist/tex/latex/pgf/compatibility/pgfcomp-version-1-18.sty
Package: pgfcomp-version-1-18 2020/12/27 v3.1.8b (3.1.8b)
)) (/usr/share/texmf-dist/tex/latex/pgf/utilities/pgffor.sty (/usr/share/texmf-dist/tex/latex/pgf/utilities/pgfkeys.sty (/usr/share/texmf-dist/tex/generic/pgf/utilities/pgfkeys.code.tex)) (/usr/share/texmf-dist/tex/latex/pgf/math/pgfmath.sty (/usr/share/texmf-dist/tex/generic/pgf/math/pgfmath.code.tex)) (/usr/share/texmf-dist/tex/generic/pgf/utilities/pgffor.code.tex
Package: pgffor 2020/12/27 v3.1.8b (3.1.8b)
 (/usr/share/texmf-dist/tex/generic/pgf/math/pgfmath.code.tex)
\pgffor@iter=\dimen187
\pgffor@skip=\dimen188
\pgffor@stack=\toks27
\pgffor@toks=\toks28
)) (/usr/share/texmf-dist/tex/generic/pgf/frontendlayer/tikz/tikz.code.tex
Package: tikz 2020/12/27 v3.1.8b (3.1.8b)
 (/usr/share/texmf-dist/tex/generic/pgf/libraries/pgflibraryplothandlers.code.tex
File: pgflibraryplothandlers.code.tex 2020/12/27 v3.1.8b (3.1.8b)
\pgf@plot@mark@count=\count286
\pgfplotmarksize=\dimen189
)
\tikz@lastx=\dimen190
\tikz@lasty=\dimen191
\tikz@lastxsaved=\dimen192
\tikz@lastysaved=\dimen193
\tikz@lastmovetox=\dimen194
\tikz@lastmovetoy=\dimen195
\tikzleveldistance=\dimen196
\tikzsiblingdistance=\dimen197
\tikz@figbox=\box58
\tikz@figbox@bg=\box59
\tikz@tempbox=\box60
\tikz@tempbox@bg=\box61
\tikztreelevel=\count287
\tikznumberofchildren=\count288
\tikznumberofcurrentchild=\count289
\tikz@fig@count=\count290
 (/usr/share/texmf-dist/tex/generic/pgf/modules/pgfmodulematrix.code.tex
File: pgfmodulematrix.code.tex 2020/12/27 v3.1.8b (3.1.8b)
\pgfmatrixcurrentrow=\count291
\pgfmatrixcurrentcolumn=\count292
\pgf@matrix@numberofcolumns=\count293
)
\tikz@expandcount=\count294
 (/usr/share/texmf-dist/tex/generic/pgf/frontendlayer/tikz/libraries/tikzlibrarytopaths.code.tex
File: tikzlibrarytopaths.code.tex 2020/12/27 v3.1.8b (3.1.8b)
)))
\c@step=\count295
\c@stepstart=\count296
\c@stepstop=\count297
\c@yearstart=\count298
\c@yearstop=\count299
\c@deltayears=\count300
\xstart=\skip67
\xstop=\skip68
\unit=\skip69
\timelinewidth=\skip70
\timelinebox=\box62
) (/usr/share/texmf-dist/tex/latex/graphics/rotating.sty
Package: rotating 2016/08/11 v2.16d rotated objects in LaTeX
 (/usr/share/texmf-dist/tex/latex/base/ifthen.sty
Package: ifthen 2014/09/29 v1.1c Standard LaTeX ifthen package (DPC)
)
\c@r@tfl@t=\count301
\rotFPtop=\skip71
\rotFPbot=\skip72
\rot@float@box=\box63
\rot@mess@toks=\toks29
) (/usr/share/texmf-dist/tex/latex/blindtext/blindtext.sty
Package: blindtext 2012/01/06 V2.0 blindtext-Package
 (/usr/share/texmf-dist/tex/latex/tools/xspace.sty
Package: xspace 2014/10/28 v1.13 Space after command names (DPC,MH)
)
\c@blindtext=\count302
\c@Blindtext=\count303
\c@blind@countparstart=\count304
\blind@countxx=\count305
\blindtext@numBlindtext=\count306
\blind@countyy=\count307
\c@blindlist=\count308
\c@blindlistlevel=\count309
\c@blindlist@level=\count310
\blind@listitem=\count311
\c@blind@listcount=\count312
\c@blind@levelcount=\count313
\blind@mathformula=\count314
\blind@Mathformula=\count315
\c@blind@randomcount=\count316
\c@blind@randommax=\count317
\c@blind@pangramcount=\count318
\c@blind@pangrammax=\count319
) (/usr/share/texmf-dist/tex/latex/tools/verbatim.sty
Package: verbatim 2020-07-07 v1.5u LaTeX2e package for verbatim enhancements
\every@verbatim=\toks30
\verbatim@line=\toks31
\verbatim@in@stream=\read3
) (/usr/share/texmf-dist/tex/latex/paracol/paracol.sty
Package: paracol 2018/12/31 v1.35 
\pcol@currcol=\count320
\pcol@nextcol=\count321
\pcol@ncol=\count322
\pcol@ncolleft=\count323
\pcol@page=\count324
\pcol@basepage=\count325
\pcol@toppage=\count326
\pcol@footnotebase=\count327
\pcol@nfootnotes=\count328
\pcol@mcid=\count329
\pcol@prevdepth=\dimen198
\pcol@colht=\dimen199
\pcol@textfloatsep=\dimen256
\pcol@lrmargin=\dimen257
\pagerim=\dimen258
\pcol@topskip=\skip73
\belowfootnoteskip=\skip74
\pcol@topfnotes=\box64
\pcol@prespan=\box65
\pcol@rightpage=\box66
\pcol@colorstack@saved=\box67
\pcol@tempboxa=\box68
\pcol@tempboxb=\box69
\pcol@colorins=\insert252
\pcol@everyvbox=\toks32
) (/usr/share/texmf-dist/tex/latex/microtype/microtype.sty
Package: microtype 2021/03/14 v2.8c Micro-typographical refinements (RS)
\MT@toks=\toks33
\MT@count=\count330
LaTeX Info: Redefining \textls on input line 790.
\MT@outer@kern=\dimen259
LaTeX Info: Redefining \textmicrotypecontext on input line 1374.
\MT@listname@count=\count331
 (/usr/share/texmf-dist/tex/latex/microtype/microtype-xetex.def
File: microtype-xetex.def 2021/03/14 v2.8c Definitions specific to xetex (RS)
LaTeX Info: Redefining \lsstyle on input line 254.
)
Package microtype Info: Loading configuration file microtype.cfg.
 (/usr/share/texmf-dist/tex/latex/microtype/microtype.cfg
File: microtype.cfg 2021/03/14 v2.8c microtype main configuration file (RS)
)) (/usr/share/texmf-dist/tex/latex/verse/verse.sty
Package: verse 2009/09/04 v2.4a verse typesetting
\c@vslineno=\count332
\c@poemline=\count333
\c@fvsline=\count334
\c@modulo@vs=\count335
\c@verse@envctr=\count336
\versewidth=\skip75
\vgap=\skip76
\vindent=\skip77
\stanzaskip=\skip78
\vleftskip=\skip79
\vrightskip=\skip80
\c@chrsinstr=\count337
\beforepoemtitleskip=\skip81
\afterpoemtitleskip=\skip82
) (/usr/share/texmf-dist/tex/latex/lineno/lineno.sty
Package: lineno 2005/11/02 line numbers on paragraphs v4.41
Invalid UTF-8 byte or sequence at line 296 replaced by U+FFFD.
\linenopenalty=\count338
\output=\toks34
\linenoprevgraf=\count339
\linenumbersep=\dimen260
\linenumberwidth=\dimen261
\c@linenumber=\count340
\c@pagewiselinenumber=\count341
\c@LN@truepage=\count342
\c@internallinenumber=\count343
\c@internallinenumbers=\count344
\quotelinenumbersep=\dimen262
\bframerule=\dimen263
\bframesep=\dimen264
\bframebox=\box70
LaTeX Info: Redefining \\ on input line 3056.
) (/usr/share/texmf-dist/tex/latex/nowidow/nowidow.sty
Package: nowidow 2011/09/20 1.0 Easily prevent widows and orphans
Package: nowidow 
 (/usr/share/texmf-dist/tex/latex/kvoptions/kvoptions.sty
Package: kvoptions 2020-10-07 v3.14 Key value format for package options (HO)
 (/usr/share/texmf-dist/tex/generic/ltxcmds/ltxcmds.sty
Package: ltxcmds 2020-05-10 v1.25 LaTeX kernel commands for general use (HO)
) (/usr/share/texmf-dist/tex/generic/kvsetkeys/kvsetkeys.sty
Package: kvsetkeys 2019/12/15 v1.18 Key value parser (HO)
))) (/usr/share/texmf-dist/tex/latex/tools/longtable.sty
Package: longtable 2020/01/07 v4.13 Multi-page Table package (DPC)
\LTleft=\skip83
\LTright=\skip84
\LTpre=\skip85
\LTpost=\skip86
\LTchunksize=\count345
\LTcapwidth=\dimen265
\LT@head=\box71
\LT@firsthead=\box72
\LT@foot=\box73
\LT@lastfoot=\box74
\LT@cols=\count346
\LT@rows=\count347
\c@LT@tables=\count348
\c@LT@chunks=\count349
\LT@p@ftn=\toks35
)
Class scrreprt Info: longtable captions redefined on input line 49.
 (/usr/share/texmf-dist/tex/latex/graphics/lscape.sty
Package: lscape 2020/05/28 v3.02 Landscape Pages (DPC)
) (/usr/share/texmf-dist/tex/latex/hyperref/hyperref.sty
Package: hyperref 2021-02-27 v7.00k Hypertext links for LaTeX
 (/usr/share/texmf-dist/tex/generic/pdftexcmds/pdftexcmds.sty
Package: pdftexcmds 2020-06-27 v0.33 Utility functions of pdfTeX for LuaTeX (HO)
 (/usr/share/texmf-dist/tex/generic/infwarerr/infwarerr.sty
Package: infwarerr 2019/12/03 v1.5 Providing info/warning/error messages (HO)
)
Package pdftexcmds Info: \pdf@primitive is available.
Package pdftexcmds Info: \pdf@ifprimitive is available.
Package pdftexcmds Info: \pdfdraftmode not found.
)
(/usr/share/texmf-dist/tex/generic/kvdefinekeys/kvdefinekeys.sty
Package: kvdefinekeys 2019-12-19 v1.6 Define keys (HO)
) (/usr/share/texmf-dist/tex/generic/pdfescape/pdfescape.sty
Package: pdfescape 2019/12/09 v1.15 Implements pdfTeX's escape features (HO)
) (/usr/share/texmf-dist/tex/latex/hycolor/hycolor.sty
Package: hycolor 2020-01-27 v1.10 Color options for hyperref/bookmark (HO)
) (/usr/share/texmf-dist/tex/latex/letltxmacro/letltxmacro.sty
Package: letltxmacro 2019/12/03 v1.6 Let assignment for LaTeX macros (HO)
) (/usr/share/texmf-dist/tex/latex/auxhook/auxhook.sty
Package: auxhook 2019-12-17 v1.6 Hooks for auxiliary files (HO)
)
\@linkdim=\dimen266
\Hy@linkcounter=\count350
\Hy@pagecounter=\count351
 (/usr/share/texmf-dist/tex/latex/hyperref/pd1enc.def
File: pd1enc.def 2021-02-27 v7.00k Hyperref: PDFDocEncoding definition (HO)
) (/usr/share/texmf-dist/tex/latex/hyperref/hyperref-langpatches.def
File: hyperref-langpatches.def 2021-02-27 v7.00k Hyperref: patches for babel languages
) (/usr/share/texmf-dist/tex/generic/intcalc/intcalc.sty
Package: intcalc 2019/12/15 v1.3 Expandable calculations with integers (HO)
) (/usr/share/texmf-dist/tex/generic/etexcmds/etexcmds.sty
Package: etexcmds 2019/12/15 v1.7 Avoid name clashes with e-TeX commands (HO)
)
\Hy@SavedSpaceFactor=\count352
 (/usr/share/texmf-dist/tex/latex/hyperref/puenc.def
File: puenc.def 2021-02-27 v7.00k Hyperref: PDF Unicode definition (HO)
)
Package hyperref Info: Option `colorlinks' set `true' on input line 4073.
Package hyperref Info: Hyper figures OFF on input line 4192.
Package hyperref Info: Link nesting OFF on input line 4197.
Package hyperref Info: Hyper index ON on input line 4200.
Package hyperref Info: Plain pages OFF on input line 4207.
Package hyperref Info: Backreferencing OFF on input line 4212.
Package hyperref Info: Implicit mode ON; LaTeX internals redefined.
Package hyperref Info: Bookmarks ON on input line 4445.
\c@Hy@tempcnt=\count353
 (/usr/share/texmf-dist/tex/latex/url/url.sty
\Urlmuskip=\muskip16
Package: url 2013/09/16  ver 3.4  Verb mode for urls, etc.
)
LaTeX Info: Redefining \url on input line 4804.
\XeTeXLinkMargin=\dimen267
 (/usr/share/texmf-dist/tex/generic/bitset/bitset.sty
Package: bitset 2019/12/09 v1.3 Handle bit-vector datatype (HO)
 (/usr/share/texmf-dist/tex/generic/bigintcalc/bigintcalc.sty
Package: bigintcalc 2019/12/15 v1.5 Expandable calculations on big integers (HO)
))
\Fld@menulength=\count354
\Field@Width=\dimen268
\Fld@charsize=\dimen269
Package hyperref Info: Hyper figures OFF on input line 6075.
Package hyperref Info: Link nesting OFF on input line 6080.
Package hyperref Info: Hyper index ON on input line 6083.
Package hyperref Info: backreferencing OFF on input line 6090.
Package hyperref Info: Link coloring ON on input line 6093.
Package hyperref Info: Link coloring with OCG OFF on input line 6100.
Package hyperref Info: PDF/A mode OFF on input line 6105.
LaTeX Info: Redefining \ref on input line 6145.
LaTeX Info: Redefining \pageref on input line 6149.
 (/usr/share/texmf-dist/tex/latex/base/atbegshi-ltx.sty
Package: atbegshi-ltx 2020/08/17 v1.0a Emulation of the original atbegshi package
with kernel methods
)
\Hy@abspage=\count355
\c@Item=\count356
\c@Hfootnote=\count357
)
Package hyperref Info: Driver (autodetected): hxetex.
 (/usr/share/texmf-dist/tex/latex/hyperref/hxetex.def
File: hxetex.def 2021-02-27 v7.00k Hyperref driver for XeTeX
 (/usr/share/texmf-dist/tex/generic/stringenc/stringenc.sty
Package: stringenc 2019/11/29 v1.12 Convert strings between diff. encodings (HO)
)
\pdfm@box=\box75
\c@Hy@AnnotLevel=\count358
\HyField@AnnotCount=\count359
\Fld@listcount=\count360
\c@bookmark@seq@number=\count361
 (/usr/share/texmf-dist/tex/latex/rerunfilecheck/rerunfilecheck.sty
Package: rerunfilecheck 2019/12/05 v1.9 Rerun checks for auxiliary files (HO)
 (/usr/share/texmf-dist/tex/latex/base/atveryend-ltx.sty
Package: atveryend-ltx 2020/08/19 v1.0a Emulation of the original atvery package
with kernel methods
) (/usr/share/texmf-dist/tex/generic/uniquecounter/uniquecounter.sty
Package: uniquecounter 2019/12/15 v1.4 Provide unlimited unique counter (HO)
)
Package uniquecounter Info: New unique counter `rerunfilecheck' on input line 286.
)
\Hy@SectionHShift=\skip87
) (/usr/share/texmf-dist/tex/latex/polyglossia/polyglossia.sty
Package: polyglossia 2021/03/16 v1.52 Modern multilingual typesetting with XeLaTeX and LuaLaTeX
 (/usr/share/texmf-dist/tex/latex/etoolbox/etoolbox.sty
Package: etoolbox 2020/10/05 v2.5k e-TeX tools for LaTeX (JAW)
\etb@tempcnta=\count362
) (/usr/share/texmf-dist/tex/latex/makecmds/makecmds.sty
Package: makecmds 2009/09/03 v1.0a extra command making commands
) (/usr/share/texmf-dist/tex/latex/xkeyval/xkeyval.sty
Package: xkeyval 2020/11/20 v2.8 package option processing (HA)
 (/usr/share/texmf-dist/tex/generic/xkeyval/xkeyval.tex (/usr/share/texmf-dist/tex/generic/xkeyval/xkvutils.tex
\XKV@toks=\toks36
\XKV@tempa@toks=\toks37
)
\XKV@depth=\count363
File: xkeyval.tex 2014/12/03 v2.7a key=value parser (HA)
)) (/usr/share/texmf-dist/tex/latex/l3packages/l3keys2e/l3keys2e.sty
Package: l3keys2e 2021-03-12 LaTeX2e option processing using LaTeX3 keys
)
\xpg@normalclass=\XeTeXcharclass307
 (/usr/share/texmf-dist/tex/latex/polyglossia/gloss-latex.ldf
File: gloss-latex.ldf polyglossia: module for default language
The property list \polyglossia@langsetup contains the pairs (without outer
braces):
>  {latex/script}  =>  {latin}
>  {latex/lcscript}  =>  {latin}
>  {latex/scripttag}  =>  {}
>  {latex/language}  =>  {Latex}
>  {latex/langtag}  =>  {ENG}
>  {latex/bcp47}  =>  {}
>  {latex/hyphennames}  =>  {english}
>  {latex/direction}  =>  {LR}
>  {latex/hyphenmins}  =>  {2,3}
>  {latex/frenchspacing}  =>  {false}
>  {latex/indentfirst}  =>  {false}
>  {latex/fontsetup}  =>  {true}
>  {latex/envname}  =>  {latex}
>  {latex/babelname}  =>  {latex}
>  {latex/localnumeral}  =>  {polyglossia@C@localnumeral}
>  {latex/Localnumeral}  =>  {polyglossia@C@localnumeral}.
)
Package polyglossia Info: Default language is latex.
) (/usr/share/texmf-dist/tex/latex/polyglossia/gloss-german.ldf
File: gloss-german.ldf polyglossia: module for german
The property list \polyglossia@langsetup contains the pairs (without outer
braces):
>  {latex/script}  =>  {latin}
>  {latex/lcscript}  =>  {latin}
>  {latex/scripttag}  =>  {}
>  {latex/language}  =>  {Latex}
>  {latex/langtag}  =>  {ENG}
>  {latex/bcp47}  =>  {}
>  {latex/hyphennames}  =>  {english}
>  {latex/direction}  =>  {LR}
>  {latex/hyphenmins}  =>  {2,3}
>  {latex/frenchspacing}  =>  {false}
>  {latex/indentfirst}  =>  {false}
>  {latex/fontsetup}  =>  {true}
>  {latex/envname}  =>  {latex}
>  {latex/babelname}  =>  {latex}
>  {latex/localnumeral}  =>  {polyglossia@C@localnumeral}
>  {latex/Localnumeral}  =>  {polyglossia@C@localnumeral}
>  {german/script}  =>  {latin}
>  {german/lcscript}  =>  {latin}
>  {german/scripttag}  =>  {}
>  {german/language}  =>  {German}
>  {german/langtag}  =>  {DEU}
>  {german/bcp47}  =>  {de-DE}
>  {german/hyphennames}  =>  {}
>  {german/direction}  =>  {LR}
>  {german/hyphenmins}  =>  {2,2}
>  {german/frenchspacing}  =>  {true}
>  {german/indentfirst}  =>  {false}
>  {german/fontsetup}  =>  {true}
>  {german/envname}  =>  {german}
>  {german/babelname}  =>  {ngerman}
>  {german/localnumeral}  =>  {polyglossia@C@localnumeral}
>  {german/Localnumeral}  =>  {polyglossia@C@localnumeral}.
Package polyglossia Info: Option: German, spelling=new.
Package polyglossia Info: Option: German, script=latin.
Package polyglossia Info: Option: German, variant=german.
Package polyglossia Info: Option: German, variant=german.
Package polyglossia Info: Option: German, spelling=new.
Package polyglossia Info: Option: German, script=latin.
 (/usr/share/texmf-dist/tex/latex/polyglossia/babelsh.def
File: babelsh.def 2019/09/30 Babel common definitions for shorthands
 Taken verbatim from babel files (2019/09/27 v3.34)
)
Package polyglossia Info: Making " an active character on input line 177.
)
Package polyglossia Info: Default language is german.
 (/usr/share/texmf-dist/tex/latex/polyglossia/gloss-greek.ldf
File: gloss-greek.ldf polyglossia: module for greek
The property list \polyglossia@langsetup contains the pairs (without outer
braces):
>  {latex/script}  =>  {latin}
>  {latex/lcscript}  =>  {latin}
>  {latex/scripttag}  =>  {}
>  {latex/language}  =>  {Latex}
>  {latex/langtag}  =>  {ENG}
>  {latex/bcp47}  =>  {}
>  {latex/hyphennames}  =>  {english}
>  {latex/direction}  =>  {LR}
>  {latex/hyphenmins}  =>  {2,3}
>  {latex/frenchspacing}  =>  {false}
>  {latex/indentfirst}  =>  {false}
>  {latex/fontsetup}  =>  {true}
>  {latex/envname}  =>  {latex}
>  {latex/babelname}  =>  {latex}
>  {latex/localnumeral}  =>  {polyglossia@C@localnumeral}
>  {latex/Localnumeral}  =>  {polyglossia@C@localnumeral}
>  {german/script}  =>  {latin}
>  {german/lcscript}  =>  {latin}
>  {german/scripttag}  =>  {}
>  {german/language}  =>  {German}
>  {german/langtag}  =>  {DEU}
>  {german/bcp47}  =>  {de-DE}
>  {german/hyphennames}  =>  {}
>  {german/direction}  =>  {LR}
>  {german/hyphenmins}  =>  {2,2}
>  {german/frenchspacing}  =>  {true}
>  {german/indentfirst}  =>  {false}
>  {german/fontsetup}  =>  {true}
>  {german/envname}  =>  {german}
>  {german/babelname}  =>  {ngerman}
>  {german/localnumeral}  =>  {polyglossia@C@localnumeral}
>  {german/Localnumeral}  =>  {polyglossia@C@localnumeral}
>  {greek/script}  =>  {Greek}
>  {greek/lcscript}  =>  {greek}
>  {greek/scripttag}  =>  {grek}
>  {greek/language}  =>  {Greek}
>  {greek/langtag}  =>  {ELL}
>  {greek/bcp47}  =>  {el-monoton}
>  {greek/hyphennames}  =>  {}
>  {greek/direction}  =>  {LR}
>  {greek/hyphenmins}  =>  {2,3}
>  {greek/frenchspacing}  =>  {true}
>  {greek/indentfirst}  =>  {true}
>  {greek/fontsetup}  =>  {true}
>  {greek/envname}  =>  {greek}
>  {greek/babelname}  =>  {greek}
>  {greek/localnumeral}  =>  {greeknumerals}
>  {greek/Localnumeral}  =>  {Greeknumerals}.
 (/usr/share/texmf-dist/tex/latex/polyglossia/xgreek-fixes.def)
Package polyglossia Info: Option: Monotonic Greek.
\@attic@num=\count364
)
Package polyglossia Info: Option: Ancient Greek.
Package polyglossia Info: Option: Ancient Greek.
Package polyglossia Info: Option: Ancient Greek.
 (/usr/share/texmf-dist/tex/latex/csquotes/csquotes.sty
Package: csquotes 2021-02-22 v5.2l context-sensitive quotations (JAW)
\csq@reset=\count365
\csq@gtype=\count366
\csq@glevel=\count367
\csq@qlevel=\count368
\csq@maxlvl=\count369
\csq@tshold=\count370
\csq@ltx@everypar=\toks38
 (/usr/share/texmf-dist/tex/latex/csquotes/csquotes.def
File: csquotes.def 2021-02-22 v5.2l csquotes generic definitions (JAW)
)
Package csquotes Info: Trying to load configuration file 'csquotes.cfg'...
Package csquotes Info: ... configuration file loaded successfully.
 (/usr/share/texmf-dist/tex/latex/csquotes/csquotes.cfg
File: csquotes.cfg 
))
(/usr/share/texmf-dist/tex/latex/biblatex/biblatex.sty
Package: biblatex 2020/12/31 v3.16 programmable bibliographies (PK/MW)
 (/usr/share/texmf-dist/tex/latex/logreq/logreq.sty
Package: logreq 2010/08/04 v1.0 xml request logger
\lrq@indent=\count371
 (/usr/share/texmf-dist/tex/latex/logreq/logreq.def
File: logreq.def 2010/08/04 v1.0 logreq spec v1.0
))
\c@tabx@nest=\count372
\c@listtotal=\count373
\c@listcount=\count374
\c@liststart=\count375
\c@liststop=\count376
\c@citecount=\count377
\c@citetotal=\count378
\c@multicitecount=\count379
\c@multicitetotal=\count380
\c@instcount=\count381
\c@maxnames=\count382
\c@minnames=\count383
\c@maxitems=\count384
\c@minitems=\count385
\c@citecounter=\count386
\c@maxcitecounter=\count387
\c@savedcitecounter=\count388
\c@uniquelist=\count389
\c@uniquename=\count390
\c@refsection=\count391
\c@refsegment=\count392
\c@maxextratitle=\count393
\c@maxextratitleyear=\count394
\c@maxextraname=\count395
\c@maxextradate=\count396
\c@maxextraalpha=\count397
\c@abbrvpenalty=\count398
\c@highnamepenalty=\count399
\c@lownamepenalty=\count400
\c@maxparens=\count401
\c@parenlevel=\count402
\blx@tempcnta=\count403
\blx@tempcntb=\count404
\blx@tempcntc=\count405
\blx@maxsection=\count406
\blx@maxsegment@0=\count407
\blx@notetype=\count408
\blx@parenlevel@text=\count409
\blx@parenlevel@foot=\count410
\blx@sectionciteorder@0=\count411
\blx@entrysetcounter=\count412
\blx@biblioinstance=\count413
\labelnumberwidth=\skip88
\labelalphawidth=\skip89
\biblabelsep=\skip90
\bibitemsep=\skip91
\bibnamesep=\skip92
\bibinitsep=\skip93
\bibparsep=\skip94
\bibhang=\skip95
\blx@bcfin=\read4
\blx@bcfout=\write4
\blx@langwohyphens=\language87
\c@mincomprange=\count414
\c@maxcomprange=\count415
\c@mincompwidth=\count416
Package biblatex Info: Trying to load biblatex default data model...
Package biblatex Info: ... file 'blx-dm.def' found.
 (/usr/share/texmf-dist/tex/latex/biblatex/blx-dm.def
File: blx-dm.def 2020/12/31 v3.16 biblatex localization (PK/MW)
)
Package biblatex Info: Trying to load biblatex style data model...
Package biblatex Info: ... file 'verbose-trad3.dbx' not found.
Package biblatex Info: Trying to load biblatex custom data model...
Package biblatex Info: ... file 'biblatex-dm.cfg' not found.
\c@afterword=\count417
\c@savedafterword=\count418
\c@annotator=\count419
\c@savedannotator=\count420
\c@author=\count421
\c@savedauthor=\count422
\c@bookauthor=\count423
\c@savedbookauthor=\count424
\c@commentator=\count425
\c@savedcommentator=\count426
\c@editor=\count427
\c@savededitor=\count428
\c@editora=\count429
\c@savededitora=\count430
\c@editorb=\count431
\c@savededitorb=\count432
\c@editorc=\count433
\c@savededitorc=\count434
\c@foreword=\count435
\c@savedforeword=\count436
\c@holder=\count437
\c@savedholder=\count438
\c@introduction=\count439
\c@savedintroduction=\count440
\c@namea=\count441
\c@savednamea=\count442
\c@nameb=\count443
\c@savednameb=\count444
\c@namec=\count445
\c@savednamec=\count446
\c@translator=\count447
\c@savedtranslator=\count448
\c@shortauthor=\count449
\c@savedshortauthor=\count450
\c@shorteditor=\count451
\c@savedshorteditor=\count452
\c@labelname=\count453
\c@savedlabelname=\count454
\c@institution=\count455
\c@savedinstitution=\count456
\c@lista=\count457
\c@savedlista=\count458
\c@listb=\count459
\c@savedlistb=\count460
\c@listc=\count461
\c@savedlistc=\count462
\c@listd=\count463
\c@savedlistd=\count464
\c@liste=\count465
\c@savedliste=\count466
\c@listf=\count467
\c@savedlistf=\count468
\c@location=\count469
\c@savedlocation=\count470
\c@organization=\count471
\c@savedorganization=\count472
\c@origlocation=\count473
\c@savedoriglocation=\count474
\c@origpublisher=\count475
\c@savedorigpublisher=\count476
\c@publisher=\count477
\c@savedpublisher=\count478
\c@language=\count479
\c@savedlanguage=\count480
\c@origlanguage=\count481
\c@savedoriglanguage=\count482
\c@pageref=\count483
\c@savedpageref=\count484
\shorthandwidth=\skip96
\shortjournalwidth=\skip97
\shortserieswidth=\skip98
\shorttitlewidth=\skip99
\shortauthorwidth=\skip100
\shorteditorwidth=\skip101
\locallabelnumberwidth=\skip102
\locallabelalphawidth=\skip103
\localshorthandwidth=\skip104
\localshortjournalwidth=\skip105
\localshortserieswidth=\skip106
\localshorttitlewidth=\skip107
\localshortauthorwidth=\skip108
\localshorteditorwidth=\skip109
Package biblatex Info: Trying to load enhanced support for Unicode engines...
Package biblatex Info: ... file 'blx-unicode.def' found.
 (/usr/share/texmf-dist/tex/latex/biblatex/blx-unicode.def)
Package biblatex Info: Trying to load compatibility code...
Package biblatex Info: ... file 'blx-compat.def' found.
 (/usr/share/texmf-dist/tex/latex/biblatex/blx-compat.def
File: blx-compat.def 2020/12/31 v3.16 biblatex compatibility (PK/MW)
)
Package biblatex Info: Trying to load generic definitions...
Package biblatex Info: ... file 'biblatex.def' found.
 (/usr/share/texmf-dist/tex/latex/biblatex/biblatex.def
File: biblatex.def 2020/12/31 v3.16 biblatex compatibility (PK/MW)
\c@textcitecount=\count485
\c@textcitetotal=\count486
\c@textcitemaxnames=\count487
\c@biburlbigbreakpenalty=\count488
\c@biburlbreakpenalty=\count489
\c@biburlnumpenalty=\count490
\c@biburlucpenalty=\count491
\c@biburllcpenalty=\count492
\biburlbigskip=\muskip17
\biburlnumskip=\muskip18
\biburlucskip=\muskip19
\biburllcskip=\muskip20
\c@smartand=\count493
)
Package biblatex Info: Trying to load bibliography style 'verbose-trad3'...
Package biblatex Info: ... file 'verbose-trad3.bbx' found.
 (/usr/share/texmf-dist/tex/latex/biblatex/bbx/verbose-trad3.bbx
File: verbose-trad3.bbx 2020/12/31 v3.16 biblatex bibliography style (PK/MW)
Package biblatex Info: Trying to load bibliography style 'authortitle'...
Package biblatex Info: ... file 'authortitle.bbx' found.
 (/usr/share/texmf-dist/tex/latex/biblatex/bbx/authortitle.bbx
File: authortitle.bbx 2020/12/31 v3.16 biblatex bibliography style (PK/MW)
Package biblatex Info: Trying to load bibliography style 'standard'...
Package biblatex Info: ... file 'standard.bbx' found.
 (/usr/share/texmf-dist/tex/latex/biblatex/bbx/standard.bbx
File: standard.bbx 2020/12/31 v3.16 biblatex bibliography style (PK/MW)
\c@bbx:relatedcount=\count494
\c@bbx:relatedtotal=\count495
)))
Package biblatex Info: Trying to load citation style 'verbose-trad3'...
Package biblatex Info: ... file 'verbose-trad3.cbx' found.
 (/usr/share/texmf-dist/tex/latex/biblatex/cbx/verbose-trad3.cbx
File: verbose-trad3.cbx 2020/12/31 v3.16 biblatex citation style (PK/MW)
Package biblatex Info: Redefining '\cite'.
Package biblatex Info: Redefining '\parencite'.
Package biblatex Info: Redefining '\footcite'.
Package biblatex Info: Redefining '\footcitetext'.
Package biblatex Info: Redefining '\smartcite'.
Package biblatex Info: Redefining '\textcite'.
Package biblatex Info: Redefining '\textcites'.
)
Package biblatex Info: Trying to load configuration file...
Package biblatex Info: ... file 'biblatex.cfg' found.
 (/usr/share/texmf-dist/tex/latex/biblatex/biblatex.cfg
File: biblatex.cfg 
))
Package csquotes Info: Checking for multilingual support...
Package csquotes Info: ... found 'polyglossia' package.
Package csquotes Info: Adjusting default style.
Package csquotes Info: Redefining alias 'default' -> 'ngerman'.
 (./main.aux (./inhalt/info.aux)
LaTeX Info: Redefining \rmfamily on input line 26.
LaTeX Info: Redefining \sffamily on input line 26.
LaTeX Info: Redefining \ttfamily on input line 26.
)
\openout1 = `main.aux'.

LaTeX Font Info:    Checking defaults for OML/cmm/m/it on input line 122.
LaTeX Font Info:    ... okay on input line 122.
LaTeX Font Info:    Checking defaults for OMS/cmsy/m/n on input line 122.
LaTeX Font Info:    ... okay on input line 122.
LaTeX Font Info:    Checking defaults for OT1/cmr/m/n on input line 122.
LaTeX Font Info:    ... okay on input line 122.
LaTeX Font Info:    Checking defaults for T1/cmr/m/n on input line 122.
LaTeX Font Info:    ... okay on input line 122.
LaTeX Font Info:    Checking defaults for TS1/cmr/m/n on input line 122.
LaTeX Font Info:    Trying to load font information for TS1+cmr on input line 122.
 (/usr/share/texmf-dist/tex/latex/base/ts1cmr.fd
File: ts1cmr.fd 2019/12/16 v2.5j Standard LaTeX font definitions
)
LaTeX Font Info:    ... okay on input line 122.
LaTeX Font Info:    Checking defaults for TU/lmr/m/n on input line 122.
LaTeX Font Info:    ... okay on input line 122.
LaTeX Font Info:    Checking defaults for OMX/cmex/m/n on input line 122.
LaTeX Font Info:    ... okay on input line 122.
LaTeX Font Info:    Checking defaults for U/cmr/m/n on input line 122.
LaTeX Font Info:    ... okay on input line 122.
LaTeX Font Info:    Checking defaults for PD1/pdf/m/n on input line 122.
LaTeX Font Info:    ... okay on input line 122.
LaTeX Font Info:    Checking defaults for PU/pdf/m/n on input line 122.
LaTeX Font Info:    ... okay on input line 122.
Package scrbase Info: activating german \contentsname on input line 122.
Package scrbase Info: activating german \listfigurename on input line 122.
Package scrbase Info: activating german \listtablename on input line 122.

Package fontspec Info: Adjusting the maths setup (use [no-math] to avoid
(fontspec)             this).

\symlegacymaths=\mathgroup4
LaTeX Font Info:    Overwriting symbol font `legacymaths' in version `bold'
(Font)                  OT1/cmr/m/n --> OT1/cmr/bx/n on input line 122.
LaTeX Font Info:    Redeclaring math accent \acute on input line 122.
LaTeX Font Info:    Redeclaring math accent \grave on input line 122.
LaTeX Font Info:    Redeclaring math accent \ddot on input line 122.
LaTeX Font Info:    Redeclaring math accent \tilde on input line 122.
LaTeX Font Info:    Redeclaring math accent \bar on input line 122.
LaTeX Font Info:    Redeclaring math accent \breve on input line 122.
LaTeX Font Info:    Redeclaring math accent \check on input line 122.
LaTeX Font Info:    Redeclaring math accent \hat on input line 122.
LaTeX Font Info:    Redeclaring math accent \dot on input line 122.
LaTeX Font Info:    Redeclaring math accent \mathring on input line 122.
LaTeX Font Info:    Redeclaring math symbol \colon on input line 122.
LaTeX Font Info:    Redeclaring math symbol \Gamma on input line 122.
LaTeX Font Info:    Redeclaring math symbol \Delta on input line 122.
LaTeX Font Info:    Redeclaring math symbol \Theta on input line 122.
LaTeX Font Info:    Redeclaring math symbol \Lambda on input line 122.
LaTeX Font Info:    Redeclaring math symbol \Xi on input line 122.
LaTeX Font Info:    Redeclaring math symbol \Pi on input line 122.
LaTeX Font Info:    Redeclaring math symbol \Sigma on input line 122.
LaTeX Font Info:    Redeclaring math symbol \Upsilon on input line 122.
LaTeX Font Info:    Redeclaring math symbol \Phi on input line 122.
LaTeX Font Info:    Redeclaring math symbol \Psi on input line 122.
LaTeX Font Info:    Redeclaring math symbol \Omega on input line 122.
LaTeX Font Info:    Redeclaring math symbol \mathdollar on input line 122.
LaTeX Font Info:    Redeclaring symbol font `operators' on input line 122.
LaTeX Font Info:    Encoding `OT1' has changed to `TU' for symbol font
(Font)              `operators' in the math version `normal' on input line 122.
LaTeX Font Info:    Overwriting symbol font `operators' in version `normal'
(Font)                  OT1/cmr/m/n --> TU/NotoSerif(0)/m/n on input line 122.
LaTeX Font Info:    Encoding `OT1' has changed to `TU' for symbol font
(Font)              `operators' in the math version `bold' on input line 122.
LaTeX Font Info:    Overwriting symbol font `operators' in version `bold'
(Font)                  OT1/cmr/bx/n --> TU/NotoSerif(0)/m/n on input line 122.
LaTeX Font Info:    Overwriting symbol font `operators' in version `normal'
(Font)                  TU/NotoSerif(0)/m/n --> TU/NotoSerif(0)/m/n on input line 122.
LaTeX Font Info:    Overwriting math alphabet `\mathit' in version `normal'
(Font)                  OT1/cmr/m/it --> TU/NotoSerif(0)/m/it on input line 122.
LaTeX Font Info:    Overwriting math alphabet `\mathbf' in version `normal'
(Font)                  OT1/cmr/bx/n --> TU/NotoSerif(0)/b/n on input line 122.
LaTeX Font Info:    Overwriting math alphabet `\mathsf' in version `normal'
(Font)                  OT1/cmss/m/n --> TU/NotoSans(0)/m/n on input line 122.
LaTeX Font Info:    Overwriting math alphabet `\mathtt' in version `normal'
(Font)                  OT1/cmtt/m/n --> TU/NotoSansMono(0)/m/n on input line 122.
LaTeX Font Info:    Overwriting symbol font `operators' in version `bold'
(Font)                  TU/NotoSerif(0)/m/n --> TU/NotoSerif(0)/b/n on input line 122.
LaTeX Font Info:    Overwriting math alphabet `\mathit' in version `bold'
(Font)                  OT1/cmr/bx/it --> TU/NotoSerif(0)/b/it on input line 122.
LaTeX Font Info:    Overwriting math alphabet `\mathsf' in version `bold'
(Font)                  OT1/cmss/bx/n --> TU/NotoSans(0)/b/n on input line 122.
LaTeX Font Info:    Overwriting math alphabet `\mathtt' in version `bold'
(Font)                  OT1/cmtt/m/n --> TU/NotoSansMono(0)/b/n on input line 122.
LaTeX Info: Redefining \microtypecontext on input line 122.
Package microtype Info: Character protrusion enabled (level 2).
Package microtype Info: Using default protrusion set `alltext'.
Package microtype Info: No adjustment of tracking.
Package microtype Info: No adjustment of spacing.
Package microtype Info: No adjustment of kerning.
Package microtype Info: Loading generic protrusion settings for font family
(microtype)             `NotoSerif' (encoding: TU).
(microtype)             For optimal results, create family-specific settings.
(microtype)             See the microtype manual for details.
Package hyperref Info: Link coloring ON on input line 122.
 (/usr/share/texmf-dist/tex/latex/hyperref/nameref.sty
Package: nameref 2021-04-02 v2.47 Cross-referencing by name of section
 (/usr/share/texmf-dist/tex/latex/refcount/refcount.sty
Package: refcount 2019/12/15 v3.6 Data extraction from label references (HO)
) (/usr/share/texmf-dist/tex/generic/gettitlestring/gettitlestring.sty
Package: gettitlestring 2019/12/15 v1.6 Cleanup title references (HO)
)
\c@section@level=\count496
)
LaTeX Info: Redefining \ref on input line 122.
LaTeX Info: Redefining \pageref on input line 122.
LaTeX Info: Redefining \nameref on input line 122.
 (./main.out) (./main.out)
\@outlinefile=\write5
\openout5 = `main.out'.

Class scrreprt Info: loading recommended package `bookmark'.
(scrreprt)           Using `bookmark' together with `hyperref' is recommended,
(scrreprt)           because of handling of possible bookmark level gaps.
(scrreprt)           You can avoid loading `bookmark' with KOMA-Script option
(scrreprt)           `bookmarkpackage=false' before \begin{document} and
(scrreprt)           you can avoid this message adding:
(scrreprt)             \usepackage{bookmark}
(scrreprt)           before \begin{document} on input line 122.
 (/usr/share/texmf-dist/tex/latex/bookmark/bookmark.sty
Package: bookmark 2020-11-06 v1.29 PDF bookmarks (HO)
 (/usr/share/texmf-dist/tex/latex/bookmark/bkm-dvipdfm.def
File: bkm-dvipdfm.def 2020-11-06 v1.29 bookmark driver for dvipdfm (HO)
\BKM@id=\count497
))
Package biblatex Info: Trying to load language 'greek'...
Package biblatex Info: ... file 'greek.lbx' found.
 (/usr/share/texmf-dist/tex/latex/biblatex/lbx/greek.lbx
File: greek.lbx 2020/12/31 v3.16 biblatex localization (PK/MW)
)
Package biblatex Info: Trying to load language 'ngerman'...
Package biblatex Info: ... file 'ngerman.lbx' found.
 (/usr/share/texmf-dist/tex/latex/biblatex/lbx/ngerman.lbx
File: ngerman.lbx 2020/12/31 v3.16 biblatex localization (PK/MW)
Package biblatex Info: Trying to load language 'german'...
Package biblatex Info: ... file 'german.lbx' found.
 (/usr/share/texmf-dist/tex/latex/biblatex/lbx/german.lbx
File: german.lbx 2020/12/31 v3.16 biblatex localization (PK/MW)
)
Package biblatex Info: Trying to load language 'german'...
Package biblatex Info: ... file 'german.lbx' found.
 (/usr/share/texmf-dist/tex/latex/biblatex/lbx/german.lbx
File: german.lbx 2020/12/31 v3.16 biblatex localization (PK/MW)
))
Package biblatex Info: XeTeX detected.
(biblatex)             Assuming input encoding 'utf8'.
Package biblatex Info: Automatic encoding selection.
(biblatex)             Assuming data encoding 'utf8'.
Package biblatex Info: Document encoding is UTF8 ....
Package biblatex Info: ... and expl3
(biblatex)             2021-02-18 L3 programming layer (loader) 
(biblatex)             is new enough (at least 2020/04/06),
(biblatex)             setting 'casechanger=expl3'.
 (/usr/share/texmf-dist/tex/latex/biblatex/blx-case-expl3.sty
Package: blx-case-expl3 2020/12/31 v3.16 expl3 case changing code for biblatex
)
\openout4 = `main.bcf'.

Package biblatex Info: Trying to load bibliographic data...
Package biblatex Info: ... file 'main.bbl' found.
 (./main.bbl)
Package biblatex Info: Reference section=0 on input line 122.
Package biblatex Info: Reference segment=0 on input line 122.
LaTeX Info: Redefining \rmfamily on input line 122.
LaTeX Info: Redefining \sffamily on input line 122.
LaTeX Info: Redefining \ttfamily on input line 122.
\openout2 = `inhalt/info.aux'.

 (./inhalt/info.tex (./inhalt/titelseite.tex
Package microtype Info: Loading generic protrusion settings for font family
(microtype)             `NotoSans' (encoding: TU).
(microtype)             For optimal results, create family-specific settings.
(microtype)             See the microtype manual for details.
LaTeX Font Info:    External font `cmex10' loaded for size
(Font)              <14.4> on input line 27.
LaTeX Font Info:    External font `cmex10' loaded for size
(Font)              <7> on input line 27.
 (/usr/share/texmf-dist/tex/latex/microtype/mt-cmr.cfg
File: mt-cmr.cfg 2013/05/19 v2.2 microtype config. file: Computer Modern Roman (RS)
) [1






]
Package tocbasic Info: character protrusion at toc deactivated on input line 33.
 (./main.toc
LaTeX Info: Redefining \rmfamily on input line 3.
LaTeX Info: Redefining \sffamily on input line 3.
LaTeX Info: Redefining \ttfamily on input line 3.
)
\tf@toc=\write6
\openout6 = `main.toc'.

 [2

]) (./inhalt/einleitung/info.tex) (./inhalt/hauptteil/info.tex) (./inhalt/schluss/info.tex)) [3

]
The property list \polyglossia@langsetup contains the pairs (without outer
braces):
>  {latex/script}  =>  {latin}
>  {latex/lcscript}  =>  {latin}
>  {latex/scripttag}  =>  {}
>  {latex/language}  =>  {Latex}
>  {latex/langtag}  =>  {ENG}
>  {latex/bcp47}  =>  {}
>  {latex/hyphennames}  =>  {english}
>  {latex/direction}  =>  {LR}
>  {latex/hyphenmins}  =>  {2,3}
>  {latex/frenchspacing}  =>  {false}
>  {latex/indentfirst}  =>  {false}
>  {latex/fontsetup}  =>  {true}
>  {latex/envname}  =>  {latex}
>  {latex/babelname}  =>  {latex}
>  {latex/localnumeral}  =>  {polyglossia@C@localnumeral}
>  {latex/Localnumeral}  =>  {polyglossia@C@localnumeral}
>  {german/script}  =>  {latin}
>  {german/lcscript}  =>  {latin}
>  {german/scripttag}  =>  {}
>  {german/language}  =>  {German}
>  {german/langtag}  =>  {DEU}
>  {german/bcp47}  =>  {de-DE}
>  {german/hyphennames}  =>  {}
>  {german/direction}  =>  {LR}
>  {german/hyphenmins}  =>  {2,2}
>  {german/frenchspacing}  =>  {true}
>  {german/indentfirst}  =>  {false}
>  {german/fontsetup}  =>  {true}
>  {german/envname}  =>  {german}
>  {german/babelname}  =>  {ngerman}
>  {german/localnumeral}  =>  {polyglossia@C@localnumeral}
>  {german/Localnumeral}  =>  {polyglossia@C@localnumeral}
>  {greek/script}  =>  {Greek}
>  {greek/lcscript}  =>  {greek}
>  {greek/scripttag}  =>  {grek}
>  {greek/language}  =>  {Greek}
>  {greek/langtag}  =>  {ELL}
>  {greek/bcp47}  =>  {grc}
>  {greek/hyphennames}  =>  {}
>  {greek/direction}  =>  {LR}
>  {greek/hyphenmins}  =>  {2,3}
>  {greek/frenchspacing}  =>  {true}
>  {greek/indentfirst}  =>  {true}
>  {greek/fontsetup}  =>  {true}
>  {greek/envname}  =>  {greek}
>  {greek/babelname}  =>  {greek}
>  {greek/localnumeral}  =>  {greeknumerals}
>  {greek/Localnumeral}  =>  {Greeknumerals}.
 (./main.aux (./inhalt/info.aux)
LaTeX Info: Redefining \rmfamily on input line 26.
LaTeX Info: Redefining \sffamily on input line 26.
LaTeX Info: Redefining \ttfamily on input line 26.
)
Package rerunfilecheck Info: File `main.out' has not changed.
(rerunfilecheck)             Checksum: D41D8CD98F00B204E9800998ECF8427E;0.
Package logreq Info: Writing requests to 'main.run.xml'.
\openout1 = `main.run.xml'.

 ) 
Here is how much of TeX's memory you used:
 36490 strings out of 476919
 749223 string characters out of 5827674
 1761944 words of memory out of 5000000
 55867 multiletter control sequences out of 15000+600000
 405785 words of font info for 82 fonts, out of 8000000 for 9000
 1350 hyphenation exceptions out of 8191
 111i,7n,116p,10599b,3956s stack positions out of 5000i,500n,10000p,200000b,80000s

Output written on main.xdv (3 pages, 12996 bytes).
